{"/Users/gbeaver2/github/local/chessjs/lib/board.js":{"path":"/Users/gbeaver2/github/local/chessjs/lib/board.js","s":{"1":1,"2":1,"3":1,"4":1,"5":1,"6":1,"7":2,"8":1,"9":6,"10":6,"11":3,"12":3,"13":1,"14":64,"15":64,"16":1,"17":1,"18":5,"19":1,"20":1,"21":5,"22":1,"23":2,"24":22,"25":1,"26":1,"27":1,"28":1,"29":1,"30":3,"31":3,"32":36,"33":3,"34":3,"35":192,"36":21,"37":192,"38":2304,"39":96,"40":2208,"41":3,"42":1,"43":1,"44":1,"45":1,"46":64,"47":1,"48":1,"49":36,"50":36,"51":4,"52":32,"53":36,"54":36,"55":36,"56":1,"57":1,"58":2,"59":2,"60":2,"61":2,"62":1,"63":62,"64":62,"65":62,"66":62,"67":62,"68":62,"69":62,"70":62,"71":62,"72":62,"73":1,"74":60,"75":60,"76":60,"77":60,"78":60,"79":60,"80":60,"81":60,"82":60,"83":18,"84":42,"85":1,"86":37,"87":1,"88":1,"89":2,"90":2,"91":2,"92":1,"93":1,"94":1,"95":1,"96":1,"97":1,"98":2,"99":2,"100":1,"101":1,"102":1,"103":1,"104":1,"105":1,"106":1,"107":1},"b":{"1":[3,3],"2":[6,6],"3":[3,2],"4":[21,171],"5":[192,189],"6":[96,2208],"7":[4,32],"8":[36,24],"9":[36,11],"10":[18,42]},"f":{"1":2,"2":6,"3":64,"4":1,"5":5,"6":1,"7":5,"8":2,"9":22,"10":1,"11":1,"12":3,"13":36,"14":2304,"15":1,"16":36,"17":2,"18":62,"19":60,"20":37,"21":1,"22":2,"23":2,"24":1,"25":2,"26":2,"27":1,"28":1},"fnMap":{"1":{"name":"board","line":14,"loc":{"start":{"line":14,"column":0},"end":{"line":14,"column":22}}},"2":{"name":"(anonymous_2)","line":35,"loc":{"start":{"line":35,"column":26},"end":{"line":35,"column":43}}},"3":{"name":"(anonymous_3)","line":43,"loc":{"start":{"line":43,"column":29},"end":{"line":43,"column":45}}},"4":{"name":"(anonymous_4)","line":51,"loc":{"start":{"line":51,"column":6},"end":{"line":51,"column":17}}},"5":{"name":"(anonymous_5)","line":52,"loc":{"start":{"line":52,"column":50},"end":{"line":52,"column":71}}},"6":{"name":"(anonymous_6)","line":60,"loc":{"start":{"line":60,"column":6},"end":{"line":60,"column":17}}},"7":{"name":"(anonymous_7)","line":61,"loc":{"start":{"line":61,"column":50},"end":{"line":61,"column":71}}},"8":{"name":"both","line":67,"loc":{"start":{"line":67,"column":0},"end":{"line":67,"column":27}}},"9":{"name":"(anonymous_9)","line":69,"loc":{"start":{"line":69,"column":3},"end":{"line":69,"column":24}}},"10":{"name":"(anonymous_10)","line":77,"loc":{"start":{"line":77,"column":6},"end":{"line":77,"column":17}}},"11":{"name":"(anonymous_11)","line":84,"loc":{"start":{"line":84,"column":6},"end":{"line":84,"column":17}}},"12":{"name":"(anonymous_12)","line":89,"loc":{"start":{"line":89,"column":28},"end":{"line":89,"column":46}}},"13":{"name":"(anonymous_13)","line":91,"loc":{"start":{"line":91,"column":68},"end":{"line":91,"column":80}}},"14":{"name":"(anonymous_14)","line":99,"loc":{"start":{"line":99,"column":23},"end":{"line":99,"column":41}}},"15":{"name":"(anonymous_15)","line":108,"loc":{"start":{"line":108,"column":6},"end":{"line":108,"column":17}}},"16":{"name":"Bitboard","line":118,"loc":{"start":{"line":118,"column":0},"end":{"line":118,"column":20}}},"17":{"name":"(anonymous_17)","line":132,"loc":{"start":{"line":132,"column":22},"end":{"line":132,"column":36}}},"18":{"name":"(anonymous_18)","line":141,"loc":{"start":{"line":141,"column":24},"end":{"line":141,"column":45}}},"19":{"name":"(anonymous_19)","line":158,"loc":{"start":{"line":158,"column":33},"end":{"line":158,"column":51}}},"20":{"name":"(anonymous_20)","line":177,"loc":{"start":{"line":177,"column":29},"end":{"line":177,"column":40}}},"21":{"name":"(anonymous_21)","line":181,"loc":{"start":{"line":181,"column":31},"end":{"line":181,"column":42}}},"22":{"name":"(anonymous_22)","line":183,"loc":{"start":{"line":183,"column":11},"end":{"line":183,"column":29}}},"23":{"name":"(anonymous_23)","line":184,"loc":{"start":{"line":184,"column":11},"end":{"line":184,"column":23}}},"24":{"name":"(anonymous_24)","line":191,"loc":{"start":{"line":191,"column":31},"end":{"line":191,"column":42}}},"25":{"name":"(anonymous_25)","line":193,"loc":{"start":{"line":193,"column":11},"end":{"line":193,"column":29}}},"26":{"name":"(anonymous_26)","line":194,"loc":{"start":{"line":194,"column":11},"end":{"line":194,"column":23}}},"27":{"name":"(anonymous_27)","line":201,"loc":{"start":{"line":201,"column":30},"end":{"line":201,"column":41}}},"28":{"name":"(anonymous_28)","line":205,"loc":{"start":{"line":205,"column":30},"end":{"line":205,"column":41}}}},"statementMap":{"1":{"start":{"line":1,"column":0},"end":{"line":2,"column":0}},"2":{"start":{"line":2,"column":0},"end":{"line":3,"column":0}},"3":{"start":{"line":3,"column":0},"end":{"line":4,"column":0}},"4":{"start":{"line":4,"column":0},"end":{"line":6,"column":0}},"5":{"start":{"line":6,"column":0},"end":{"line":14,"column":0}},"6":{"start":{"line":14,"column":0},"end":{"line":33,"column":1}},"7":{"start":{"line":15,"column":1},"end":{"line":33,"column":0}},"8":{"start":{"line":35,"column":0},"end":{"line":43,"column":0}},"9":{"start":{"line":36,"column":1},"end":{"line":37,"column":1}},"10":{"start":{"line":37,"column":1},"end":{"line":39,"column":2}},"11":{"start":{"line":38,"column":2},"end":{"line":38,"column":54}},"12":{"start":{"line":40,"column":1},"end":{"line":41,"column":0}},"13":{"start":{"line":43,"column":0},"end":{"line":49,"column":0}},"14":{"start":{"line":44,"column":1},"end":{"line":46,"column":1}},"15":{"start":{"line":46,"column":1},"end":{"line":47,"column":0}},"16":{"start":{"line":49,"column":0},"end":{"line":58,"column":0}},"17":{"start":{"line":52,"column":2},"end":{"line":55,"column":1}},"18":{"start":{"line":53,"column":3},"end":{"line":54,"column":2}},"19":{"start":{"line":58,"column":0},"end":{"line":67,"column":0}},"20":{"start":{"line":61,"column":2},"end":{"line":64,"column":1}},"21":{"start":{"line":62,"column":3},"end":{"line":63,"column":2}},"22":{"start":{"line":67,"column":0},"end":{"line":73,"column":1}},"23":{"start":{"line":68,"column":1},"end":{"line":73,"column":0}},"24":{"start":{"line":70,"column":4},"end":{"line":71,"column":3}},"25":{"start":{"line":75,"column":0},"end":{"line":82,"column":0}},"26":{"start":{"line":78,"column":2},"end":{"line":79,"column":1}},"27":{"start":{"line":82,"column":0},"end":{"line":89,"column":0}},"28":{"start":{"line":85,"column":2},"end":{"line":86,"column":1}},"29":{"start":{"line":89,"column":0},"end":{"line":107,"column":0}},"30":{"start":{"line":90,"column":1},"end":{"line":91,"column":1}},"31":{"start":{"line":91,"column":1},"end":{"line":93,"column":4}},"32":{"start":{"line":92,"column":2},"end":{"line":93,"column":1}},"33":{"start":{"line":94,"column":1},"end":{"line":94,"column":10}},"34":{"start":{"line":95,"column":1},"end":{"line":103,"column":2}},"35":{"start":{"line":96,"column":2},"end":{"line":98,"column":3}},"36":{"start":{"line":97,"column":3},"end":{"line":98,"column":2}},"37":{"start":{"line":99,"column":2},"end":{"line":103,"column":1}},"38":{"start":{"line":100,"column":3},"end":{"line":101,"column":3}},"39":{"start":{"line":100,"column":24},"end":{"line":101,"column":3}},"40":{"start":{"line":101,"column":3},"end":{"line":102,"column":2}},"41":{"start":{"line":104,"column":1},"end":{"line":105,"column":0}},"42":{"start":{"line":107,"column":0},"end":{"line":118,"column":0}},"43":{"start":{"line":109,"column":2},"end":{"line":110,"column":2}},"44":{"start":{"line":110,"column":2},"end":{"line":111,"column":2}},"45":{"start":{"line":111,"column":2},"end":{"line":113,"column":3}},"46":{"start":{"line":112,"column":3},"end":{"line":113,"column":2}},"47":{"start":{"line":114,"column":2},"end":{"line":115,"column":1}},"48":{"start":{"line":118,"column":0},"end":{"line":128,"column":1}},"49":{"start":{"line":119,"column":1},"end":{"line":120,"column":1}},"50":{"start":{"line":120,"column":1},"end":{"line":124,"column":2}},"51":{"start":{"line":121,"column":2},"end":{"line":121,"column":21}},"52":{"start":{"line":123,"column":2},"end":{"line":124,"column":1}},"53":{"start":{"line":125,"column":1},"end":{"line":126,"column":1}},"54":{"start":{"line":126,"column":1},"end":{"line":126,"column":33}},"55":{"start":{"line":127,"column":1},"end":{"line":128,"column":0}},"56":{"start":{"line":130,"column":0},"end":{"line":132,"column":0}},"57":{"start":{"line":132,"column":0},"end":{"line":141,"column":0}},"58":{"start":{"line":133,"column":1},"end":{"line":136,"column":1}},"59":{"start":{"line":136,"column":1},"end":{"line":137,"column":1}},"60":{"start":{"line":137,"column":1},"end":{"line":138,"column":1}},"61":{"start":{"line":138,"column":1},"end":{"line":139,"column":0}},"62":{"start":{"line":141,"column":0},"end":{"line":158,"column":0}},"63":{"start":{"line":142,"column":1},"end":{"line":144,"column":1}},"64":{"start":{"line":144,"column":1},"end":{"line":145,"column":1}},"65":{"start":{"line":145,"column":1},"end":{"line":147,"column":1}},"66":{"start":{"line":147,"column":1},"end":{"line":148,"column":1}},"67":{"start":{"line":148,"column":1},"end":{"line":150,"column":1}},"68":{"start":{"line":150,"column":1},"end":{"line":151,"column":1}},"69":{"start":{"line":151,"column":1},"end":{"line":153,"column":1}},"70":{"start":{"line":153,"column":1},"end":{"line":154,"column":1}},"71":{"start":{"line":154,"column":1},"end":{"line":155,"column":1}},"72":{"start":{"line":155,"column":1},"end":{"line":156,"column":0}},"73":{"start":{"line":158,"column":0},"end":{"line":177,"column":0}},"74":{"start":{"line":159,"column":1},"end":{"line":164,"column":1}},"75":{"start":{"line":164,"column":1},"end":{"line":165,"column":1}},"76":{"start":{"line":165,"column":1},"end":{"line":166,"column":1}},"77":{"start":{"line":166,"column":1},"end":{"line":167,"column":1}},"78":{"start":{"line":167,"column":1},"end":{"line":168,"column":1}},"79":{"start":{"line":168,"column":1},"end":{"line":169,"column":1}},"80":{"start":{"line":169,"column":1},"end":{"line":170,"column":1}},"81":{"start":{"line":170,"column":1},"end":{"line":171,"column":1}},"82":{"start":{"line":171,"column":1},"end":{"line":173,"column":2}},"83":{"start":{"line":172,"column":2},"end":{"line":173,"column":1}},"84":{"start":{"line":174,"column":1},"end":{"line":175,"column":0}},"85":{"start":{"line":177,"column":0},"end":{"line":181,"column":0}},"86":{"start":{"line":178,"column":1},"end":{"line":179,"column":0}},"87":{"start":{"line":181,"column":0},"end":{"line":191,"column":0}},"88":{"start":{"line":182,"column":1},"end":{"line":185,"column":1}},"89":{"start":{"line":183,"column":30},"end":{"line":183,"column":104}},"90":{"start":{"line":184,"column":24},"end":{"line":184,"column":35}},"91":{"start":{"line":184,"column":36},"end":{"line":184,"column":47}},"92":{"start":{"line":185,"column":1},"end":{"line":186,"column":1}},"93":{"start":{"line":186,"column":1},"end":{"line":187,"column":1}},"94":{"start":{"line":187,"column":1},"end":{"line":188,"column":1}},"95":{"start":{"line":188,"column":1},"end":{"line":189,"column":0}},"96":{"start":{"line":191,"column":0},"end":{"line":201,"column":0}},"97":{"start":{"line":192,"column":1},"end":{"line":195,"column":1}},"98":{"start":{"line":193,"column":30},"end":{"line":193,"column":105}},"99":{"start":{"line":194,"column":24},"end":{"line":194,"column":47}},"100":{"start":{"line":195,"column":1},"end":{"line":196,"column":1}},"101":{"start":{"line":196,"column":1},"end":{"line":197,"column":1}},"102":{"start":{"line":197,"column":1},"end":{"line":198,"column":1}},"103":{"start":{"line":198,"column":1},"end":{"line":199,"column":0}},"104":{"start":{"line":201,"column":0},"end":{"line":205,"column":0}},"105":{"start":{"line":202,"column":1},"end":{"line":203,"column":0}},"106":{"start":{"line":205,"column":0},"end":{"line":208,"column":0}},"107":{"start":{"line":206,"column":1},"end":{"line":207,"column":0}}},"branchMap":{"1":{"line":37,"type":"if","locations":[{"start":{"line":37,"column":1},"end":{"line":37,"column":1}},{"start":{"line":37,"column":1},"end":{"line":37,"column":1}}]},"2":{"line":37,"type":"binary-expr","locations":[{"start":{"line":37,"column":5},"end":{"line":37,"column":23}},{"start":{"line":37,"column":27},"end":{"line":37,"column":54}}]},"3":{"line":90,"type":"binary-expr","locations":[{"start":{"line":90,"column":11},"end":{"line":90,"column":18}},{"start":{"line":90,"column":22},"end":{"line":90,"column":24}}]},"4":{"line":96,"type":"if","locations":[{"start":{"line":96,"column":2},"end":{"line":96,"column":2}},{"start":{"line":96,"column":2},"end":{"line":96,"column":2}}]},"5":{"line":96,"type":"binary-expr","locations":[{"start":{"line":96,"column":6},"end":{"line":96,"column":11}},{"start":{"line":96,"column":16},"end":{"line":96,"column":26}}]},"6":{"line":100,"type":"if","locations":[{"start":{"line":100,"column":3},"end":{"line":100,"column":3}},{"start":{"line":100,"column":3},"end":{"line":100,"column":3}}]},"7":{"line":120,"type":"if","locations":[{"start":{"line":120,"column":1},"end":{"line":120,"column":1}},{"start":{"line":120,"column":1},"end":{"line":120,"column":1}}]},"8":{"line":120,"type":"binary-expr","locations":[{"start":{"line":120,"column":5},"end":{"line":120,"column":17}},{"start":{"line":120,"column":21},"end":{"line":120,"column":49}}]},"9":{"line":126,"type":"binary-expr","locations":[{"start":{"line":126,"column":13},"end":{"line":126,"column":25}},{"start":{"line":126,"column":29},"end":{"line":126,"column":32}}]},"10":{"line":171,"type":"if","locations":[{"start":{"line":171,"column":1},"end":{"line":171,"column":1}},{"start":{"line":171,"column":1},"end":{"line":171,"column":1}}]}}},"/Users/gbeaver2/github/local/chessjs/lib/vector.js":{"path":"/Users/gbeaver2/github/local/chessjs/lib/vector.js","s":{"1":1,"2":1,"3":1,"4":21,"5":21,"6":1,"7":3,"8":3,"9":1,"10":10,"11":4,"12":6,"13":6,"14":1,"15":5,"16":1,"17":7,"18":2,"19":5,"20":5,"21":1,"22":1,"23":1},"b":{"1":[4,6],"2":[10,9,8,7],"3":[2,5],"4":[7,6]},"f":{"1":21,"2":3,"3":10,"4":5,"5":7,"6":1},"fnMap":{"1":{"name":"Vector","line":4,"loc":{"start":{"line":4,"column":0},"end":{"line":4,"column":22}}},"2":{"name":"(anonymous_2)","line":9,"loc":{"start":{"line":9,"column":23},"end":{"line":9,"column":37}}},"3":{"name":"(anonymous_3)","line":14,"loc":{"start":{"line":14,"column":33},"end":{"line":14,"column":44}}},"4":{"name":"(anonymous_4)","line":22,"loc":{"start":{"line":22,"column":27},"end":{"line":22,"column":38}}},"5":{"name":"(anonymous_5)","line":26,"loc":{"start":{"line":26,"column":19},"end":{"line":26,"column":35}}},"6":{"name":"(anonymous_6)","line":34,"loc":{"start":{"line":34,"column":24},"end":{"line":34,"column":39}}}},"statementMap":{"1":{"start":{"line":1,"column":0},"end":{"line":2,"column":0}},"2":{"start":{"line":2,"column":0},"end":{"line":2,"column":22}},"3":{"start":{"line":4,"column":0},"end":{"line":7,"column":1}},"4":{"start":{"line":5,"column":1},"end":{"line":6,"column":1}},"5":{"start":{"line":6,"column":1},"end":{"line":7,"column":0}},"6":{"start":{"line":9,"column":0},"end":{"line":14,"column":0}},"7":{"start":{"line":10,"column":1},"end":{"line":11,"column":1}},"8":{"start":{"line":11,"column":1},"end":{"line":12,"column":0}},"9":{"start":{"line":14,"column":0},"end":{"line":22,"column":0}},"10":{"start":{"line":15,"column":1},"end":{"line":17,"column":2}},"11":{"start":{"line":16,"column":2},"end":{"line":17,"column":1}},"12":{"start":{"line":18,"column":1},"end":{"line":19,"column":1}},"13":{"start":{"line":19,"column":1},"end":{"line":20,"column":0}},"14":{"start":{"line":22,"column":0},"end":{"line":26,"column":0}},"15":{"start":{"line":23,"column":1},"end":{"line":24,"column":0}},"16":{"start":{"line":26,"column":0},"end":{"line":34,"column":0}},"17":{"start":{"line":27,"column":1},"end":{"line":29,"column":2}},"18":{"start":{"line":28,"column":2},"end":{"line":29,"column":1}},"19":{"start":{"line":30,"column":1},"end":{"line":31,"column":1}},"20":{"start":{"line":31,"column":1},"end":{"line":32,"column":0}},"21":{"start":{"line":34,"column":0},"end":{"line":38,"column":0}},"22":{"start":{"line":35,"column":1},"end":{"line":35,"column":51}},"23":{"start":{"line":38,"column":0},"end":{"line":39,"column":0}}},"branchMap":{"1":{"line":15,"type":"if","locations":[{"start":{"line":15,"column":1},"end":{"line":15,"column":1}},{"start":{"line":15,"column":1},"end":{"line":15,"column":1}}]},"2":{"line":15,"type":"binary-expr","locations":[{"start":{"line":15,"column":5},"end":{"line":15,"column":15}},{"start":{"line":15,"column":19},"end":{"line":15,"column":29}},{"start":{"line":15,"column":33},"end":{"line":15,"column":43}},{"start":{"line":15,"column":47},"end":{"line":15,"column":57}}]},"3":{"line":27,"type":"if","locations":[{"start":{"line":27,"column":1},"end":{"line":27,"column":1}},{"start":{"line":27,"column":1},"end":{"line":27,"column":1}}]},"4":{"line":27,"type":"binary-expr","locations":[{"start":{"line":27,"column":5},"end":{"line":27,"column":14}},{"start":{"line":27,"column":18},"end":{"line":27,"column":28}}]}}}}