{"/Users/gbeaver2/github/local/chessjs/lib/board.js":{"path":"/Users/gbeaver2/github/local/chessjs/lib/board.js","s":{"1":1,"2":1,"3":1,"4":1,"5":1,"6":1,"7":52,"8":52,"9":914,"10":88,"11":97,"12":25,"13":16,"14":33,"15":56,"16":24,"17":17,"18":18,"19":18,"20":60,"21":67,"22":126,"23":126,"24":135,"25":135,"26":61,"27":61,"28":52,"29":52,"30":69,"31":69,"32":92,"33":92,"34":60,"35":60,"36":53,"37":53,"38":54,"39":54,"40":54,"41":54,"42":75,"43":75,"44":83,"45":83,"46":1,"47":6,"48":6,"49":3,"50":3,"51":64,"52":64,"53":84,"54":42,"55":42,"56":210,"57":84,"58":42,"59":42,"60":210,"61":41,"62":3,"63":38,"64":58,"65":20,"66":38,"67":5,"68":5,"69":5,"70":60,"71":5,"72":5,"73":320,"74":35,"75":320,"76":3840,"77":117,"78":3723,"79":5,"80":1,"81":1,"82":1,"83":64,"84":1,"85":2,"86":2,"87":1,"88":1,"89":1,"90":1,"91":1,"92":1,"93":2,"94":2,"95":18,"96":12,"97":17,"98":17,"99":17,"100":3,"101":14,"102":6,"103":14,"104":4,"105":14,"106":4,"107":14,"108":4,"109":14,"110":2,"111":14,"112":8,"113":8,"114":2,"115":6,"116":1,"117":5,"118":1,"119":4,"120":1,"121":3,"122":1,"123":2,"124":2,"125":24,"126":24,"127":12,"128":2,"129":10,"130":2,"131":8,"132":2,"133":6,"134":12,"135":2,"136":10,"137":2,"138":8,"139":0,"140":0,"141":0,"142":0,"143":0,"144":0,"145":0,"146":0,"147":0,"148":0,"149":0,"150":0,"151":0,"152":0,"153":0,"154":0,"155":0,"156":0,"157":0,"158":0,"159":0,"160":0,"161":0,"162":0,"163":0,"164":0,"165":0,"166":0,"167":0,"168":0,"169":0,"170":0,"171":0,"172":1,"173":41,"174":41,"175":1,"176":41,"177":41,"178":41,"179":41,"180":41,"181":41,"182":41,"183":41,"184":41,"185":41,"186":41,"187":41,"188":41,"189":41,"190":2624,"191":2624,"192":406,"193":165,"194":165,"195":241,"196":241,"197":2218,"198":41,"199":246,"200":246,"201":41},"b":{"1":[3,3],"2":[6,6],"3":[42,42],"4":[42,42],"5":[3,38],"6":[20,38],"7":[5,2],"8":[5,3],"9":[35,285],"10":[320,315],"11":[117,3723],"12":[1,1],"13":[1,1],"14":[1,1],"15":[0,2],"16":[9,8],"17":[9,8],"18":[9,8],"19":[9,8],"20":[3,14],"21":[6,8],"22":[4,10],"23":[4,10],"24":[4,10],"25":[2,12],"26":[8,0],"27":[2,6],"28":[1,5],"29":[1,4],"30":[1,3],"31":[1,2],"32":[2,0],"33":[12,12],"34":[12,12],"35":[12,12],"36":[12,12],"37":[2,10],"38":[2,8],"39":[2,6],"40":[2,10],"41":[2,8],"42":[0,0,0,0,0,0],"43":[0,0],"44":[0,0],"45":[0,0],"46":[0,0],"47":[0,0],"48":[0,0],"49":[0,0],"50":[0,0],"51":[0,0],"52":[0,0],"53":[0,0],"54":[0,0],"55":[0,0],"56":[0,0],"57":[0,0],"58":[0,0],"59":[41,40],"60":[1,40],"61":[82,173,192,202,229,279,297,308,320,332,365,406,2218],"62":[165,241]},"f":{"1":52,"2":914,"3":88,"4":97,"5":25,"6":16,"7":33,"8":56,"9":24,"10":17,"11":18,"12":18,"13":60,"14":67,"15":126,"16":135,"17":61,"18":52,"19":69,"20":92,"21":60,"22":53,"23":54,"24":54,"25":75,"26":83,"27":6,"28":64,"29":84,"30":210,"31":84,"32":210,"33":41,"34":58,"35":5,"36":60,"37":3840,"38":1,"39":2,"40":18,"41":12,"42":17,"43":8,"44":24,"45":0,"46":0,"47":0,"48":41},"fnMap":{"1":{"name":"board","line":16,"loc":{"start":{"line":16,"column":0},"end":{"line":16,"column":22}}},"2":{"name":"(anonymous_2)","line":42,"loc":{"start":{"line":42,"column":14},"end":{"line":42,"column":25}}},"3":{"name":"(anonymous_3)","line":50,"loc":{"start":{"line":50,"column":10},"end":{"line":50,"column":10}}},"4":{"name":"(anonymous_4)","line":51,"loc":{"start":{"line":51,"column":10},"end":{"line":51,"column":10}}},"5":{"name":"(anonymous_5)","line":52,"loc":{"start":{"line":52,"column":10},"end":{"line":52,"column":10}}},"6":{"name":"(anonymous_6)","line":53,"loc":{"start":{"line":53,"column":10},"end":{"line":53,"column":10}}},"7":{"name":"(anonymous_7)","line":54,"loc":{"start":{"line":54,"column":10},"end":{"line":54,"column":10}}},"8":{"name":"(anonymous_8)","line":55,"loc":{"start":{"line":55,"column":10},"end":{"line":55,"column":10}}},"9":{"name":"(anonymous_9)","line":56,"loc":{"start":{"line":56,"column":10},"end":{"line":56,"column":10}}},"10":{"name":"(anonymous_10)","line":57,"loc":{"start":{"line":57,"column":10},"end":{"line":57,"column":10}}},"11":{"name":"(anonymous_11)","line":58,"loc":{"start":{"line":58,"column":10},"end":{"line":58,"column":10}}},"12":{"name":"(anonymous_12)","line":59,"loc":{"start":{"line":59,"column":10},"end":{"line":59,"column":10}}},"13":{"name":"(anonymous_13)","line":60,"loc":{"start":{"line":60,"column":10},"end":{"line":60,"column":10}}},"14":{"name":"(anonymous_14)","line":61,"loc":{"start":{"line":61,"column":10},"end":{"line":61,"column":10}}},"15":{"name":"(anonymous_15)","line":63,"loc":{"start":{"line":63,"column":11},"end":{"line":63,"column":11}}},"16":{"name":"(anonymous_16)","line":64,"loc":{"start":{"line":64,"column":11},"end":{"line":64,"column":11}}},"17":{"name":"(anonymous_17)","line":65,"loc":{"start":{"line":65,"column":11},"end":{"line":65,"column":11}}},"18":{"name":"(anonymous_18)","line":66,"loc":{"start":{"line":66,"column":11},"end":{"line":66,"column":11}}},"19":{"name":"(anonymous_19)","line":67,"loc":{"start":{"line":67,"column":11},"end":{"line":67,"column":11}}},"20":{"name":"(anonymous_20)","line":68,"loc":{"start":{"line":68,"column":11},"end":{"line":68,"column":11}}},"21":{"name":"(anonymous_21)","line":69,"loc":{"start":{"line":69,"column":11},"end":{"line":69,"column":11}}},"22":{"name":"(anonymous_22)","line":70,"loc":{"start":{"line":70,"column":11},"end":{"line":70,"column":11}}},"23":{"name":"(anonymous_23)","line":71,"loc":{"start":{"line":71,"column":11},"end":{"line":71,"column":11}}},"24":{"name":"(anonymous_24)","line":72,"loc":{"start":{"line":72,"column":11},"end":{"line":72,"column":11}}},"25":{"name":"(anonymous_25)","line":73,"loc":{"start":{"line":73,"column":11},"end":{"line":73,"column":11}}},"26":{"name":"(anonymous_26)","line":74,"loc":{"start":{"line":74,"column":11},"end":{"line":74,"column":11}}},"27":{"name":"(anonymous_27)","line":79,"loc":{"start":{"line":79,"column":10},"end":{"line":79,"column":27}}},"28":{"name":"(anonymous_28)","line":87,"loc":{"start":{"line":87,"column":13},"end":{"line":87,"column":29}}},"29":{"name":"(anonymous_29)","line":93,"loc":{"start":{"line":93,"column":19},"end":{"line":93,"column":19}}},"30":{"name":"(anonymous_30)","line":97,"loc":{"start":{"line":97,"column":66},"end":{"line":97,"column":87}}},"31":{"name":"(anonymous_31)","line":102,"loc":{"start":{"line":102,"column":19},"end":{"line":102,"column":19}}},"32":{"name":"(anonymous_32)","line":106,"loc":{"start":{"line":106,"column":66},"end":{"line":106,"column":87}}},"33":{"name":"(anonymous_33)","line":111,"loc":{"start":{"line":111,"column":12},"end":{"line":111,"column":12}}},"34":{"name":"(anonymous_34)","line":117,"loc":{"start":{"line":117,"column":20},"end":{"line":117,"column":20}}},"35":{"name":"(anonymous_35)","line":124,"loc":{"start":{"line":124,"column":12},"end":{"line":124,"column":37}}},"36":{"name":"(anonymous_36)","line":127,"loc":{"start":{"line":127,"column":69},"end":{"line":127,"column":81}}},"37":{"name":"(anonymous_37)","line":135,"loc":{"start":{"line":135,"column":24},"end":{"line":135,"column":42}}},"38":{"name":"(anonymous_38)","line":143,"loc":{"start":{"line":143,"column":16},"end":{"line":143,"column":16}}},"39":{"name":"(anonymous_39)","line":152,"loc":{"start":{"line":152,"column":18},"end":{"line":152,"column":48}}},"40":{"name":"(anonymous_40)","line":173,"loc":{"start":{"line":173,"column":14},"end":{"line":173,"column":25}}},"41":{"name":"(anonymous_41)","line":177,"loc":{"start":{"line":177,"column":14},"end":{"line":177,"column":25}}},"42":{"name":"(anonymous_42)","line":191,"loc":{"start":{"line":191,"column":24},"end":{"line":191,"column":35}}},"43":{"name":"(anonymous_43)","line":224,"loc":{"start":{"line":224,"column":19},"end":{"line":224,"column":30}}},"44":{"name":"(anonymous_44)","line":251,"loc":{"start":{"line":251,"column":16},"end":{"line":251,"column":44}}},"45":{"name":"(anonymous_45)","line":280,"loc":{"start":{"line":280,"column":23},"end":{"line":280,"column":92}}},"46":{"name":"(anonymous_46)","line":288,"loc":{"start":{"line":288,"column":27},"end":{"line":288,"column":41}}},"47":{"name":"(anonymous_47)","line":313,"loc":{"start":{"line":313,"column":25},"end":{"line":313,"column":47}}},"48":{"name":"(anonymous_48)","line":359,"loc":{"start":{"line":359,"column":22},"end":{"line":359,"column":46}}}},"statementMap":{"1":{"start":{"line":1,"column":0},"end":{"line":4,"column":0}},"2":{"start":{"line":4,"column":0},"end":{"line":5,"column":0}},"3":{"start":{"line":5,"column":0},"end":{"line":6,"column":0}},"4":{"start":{"line":6,"column":0},"end":{"line":8,"column":0}},"5":{"start":{"line":8,"column":0},"end":{"line":16,"column":0}},"6":{"start":{"line":16,"column":0},"end":{"line":76,"column":1}},"7":{"start":{"line":17,"column":1},"end":{"line":19,"column":1}},"8":{"start":{"line":19,"column":1},"end":{"line":76,"column":0}},"9":{"start":{"line":43,"column":3},"end":{"line":49,"column":2}},"10":{"start":{"line":50,"column":11},"end":{"line":50,"column":31}},"11":{"start":{"line":51,"column":11},"end":{"line":51,"column":31}},"12":{"start":{"line":52,"column":11},"end":{"line":52,"column":31}},"13":{"start":{"line":53,"column":11},"end":{"line":53,"column":31}},"14":{"start":{"line":54,"column":11},"end":{"line":54,"column":31}},"15":{"start":{"line":55,"column":11},"end":{"line":55,"column":31}},"16":{"start":{"line":56,"column":11},"end":{"line":56,"column":31}},"17":{"start":{"line":57,"column":11},"end":{"line":57,"column":31}},"18":{"start":{"line":58,"column":11},"end":{"line":58,"column":31}},"19":{"start":{"line":59,"column":11},"end":{"line":59,"column":31}},"20":{"start":{"line":60,"column":11},"end":{"line":60,"column":31}},"21":{"start":{"line":61,"column":11},"end":{"line":61,"column":31}},"22":{"start":{"line":63,"column":12},"end":{"line":63,"column":49}},"23":{"start":{"line":63,"column":49},"end":{"line":63,"column":66}},"24":{"start":{"line":64,"column":12},"end":{"line":64,"column":49}},"25":{"start":{"line":64,"column":49},"end":{"line":64,"column":66}},"26":{"start":{"line":65,"column":12},"end":{"line":65,"column":49}},"27":{"start":{"line":65,"column":49},"end":{"line":65,"column":66}},"28":{"start":{"line":66,"column":12},"end":{"line":66,"column":49}},"29":{"start":{"line":66,"column":49},"end":{"line":66,"column":66}},"30":{"start":{"line":67,"column":12},"end":{"line":67,"column":49}},"31":{"start":{"line":67,"column":49},"end":{"line":67,"column":66}},"32":{"start":{"line":68,"column":12},"end":{"line":68,"column":49}},"33":{"start":{"line":68,"column":49},"end":{"line":68,"column":66}},"34":{"start":{"line":69,"column":12},"end":{"line":69,"column":49}},"35":{"start":{"line":69,"column":49},"end":{"line":69,"column":66}},"36":{"start":{"line":70,"column":12},"end":{"line":70,"column":49}},"37":{"start":{"line":70,"column":49},"end":{"line":70,"column":66}},"38":{"start":{"line":71,"column":12},"end":{"line":71,"column":49}},"39":{"start":{"line":71,"column":49},"end":{"line":71,"column":66}},"40":{"start":{"line":72,"column":12},"end":{"line":72,"column":49}},"41":{"start":{"line":72,"column":49},"end":{"line":72,"column":66}},"42":{"start":{"line":73,"column":12},"end":{"line":73,"column":49}},"43":{"start":{"line":73,"column":49},"end":{"line":73,"column":66}},"44":{"start":{"line":74,"column":12},"end":{"line":74,"column":49}},"45":{"start":{"line":74,"column":49},"end":{"line":74,"column":66}},"46":{"start":{"line":78,"column":0},"end":{"line":359,"column":0}},"47":{"start":{"line":80,"column":2},"end":{"line":81,"column":2}},"48":{"start":{"line":81,"column":2},"end":{"line":83,"column":3}},"49":{"start":{"line":82,"column":3},"end":{"line":82,"column":55}},"50":{"start":{"line":84,"column":2},"end":{"line":85,"column":1}},"51":{"start":{"line":88,"column":2},"end":{"line":90,"column":2}},"52":{"start":{"line":90,"column":2},"end":{"line":91,"column":1}},"53":{"start":{"line":94,"column":2},"end":{"line":96,"column":3}},"54":{"start":{"line":95,"column":3},"end":{"line":96,"column":2}},"55":{"start":{"line":97,"column":2},"end":{"line":100,"column":1}},"56":{"start":{"line":98,"column":3},"end":{"line":99,"column":2}},"57":{"start":{"line":103,"column":2},"end":{"line":105,"column":3}},"58":{"start":{"line":104,"column":3},"end":{"line":105,"column":2}},"59":{"start":{"line":106,"column":2},"end":{"line":109,"column":1}},"60":{"start":{"line":107,"column":3},"end":{"line":108,"column":2}},"61":{"start":{"line":112,"column":2},"end":{"line":114,"column":3}},"62":{"start":{"line":113,"column":3},"end":{"line":114,"column":2}},"63":{"start":{"line":115,"column":2},"end":{"line":116,"column":1}},"64":{"start":{"line":118,"column":2},"end":{"line":120,"column":3}},"65":{"start":{"line":119,"column":3},"end":{"line":120,"column":2}},"66":{"start":{"line":121,"column":2},"end":{"line":122,"column":1}},"67":{"start":{"line":125,"column":2},"end":{"line":126,"column":2}},"68":{"start":{"line":126,"column":2},"end":{"line":127,"column":2}},"69":{"start":{"line":127,"column":2},"end":{"line":129,"column":5}},"70":{"start":{"line":128,"column":3},"end":{"line":129,"column":2}},"71":{"start":{"line":130,"column":2},"end":{"line":130,"column":11}},"72":{"start":{"line":131,"column":2},"end":{"line":139,"column":3}},"73":{"start":{"line":132,"column":3},"end":{"line":134,"column":4}},"74":{"start":{"line":133,"column":4},"end":{"line":134,"column":3}},"75":{"start":{"line":135,"column":3},"end":{"line":139,"column":2}},"76":{"start":{"line":136,"column":4},"end":{"line":137,"column":4}},"77":{"start":{"line":136,"column":26},"end":{"line":137,"column":4}},"78":{"start":{"line":137,"column":4},"end":{"line":138,"column":3}},"79":{"start":{"line":140,"column":2},"end":{"line":141,"column":1}},"80":{"start":{"line":144,"column":2},"end":{"line":145,"column":2}},"81":{"start":{"line":145,"column":2},"end":{"line":146,"column":2}},"82":{"start":{"line":146,"column":2},"end":{"line":148,"column":3}},"83":{"start":{"line":147,"column":3},"end":{"line":148,"column":2}},"84":{"start":{"line":149,"column":2},"end":{"line":150,"column":1}},"85":{"start":{"line":153,"column":2},"end":{"line":154,"column":2}},"86":{"start":{"line":154,"column":2},"end":{"line":162,"column":3}},"87":{"start":{"line":155,"column":3},"end":{"line":156,"column":3}},"88":{"start":{"line":156,"column":3},"end":{"line":157,"column":3}},"89":{"start":{"line":157,"column":3},"end":{"line":158,"column":2}},"90":{"start":{"line":159,"column":3},"end":{"line":160,"column":3}},"91":{"start":{"line":160,"column":3},"end":{"line":161,"column":3}},"92":{"start":{"line":161,"column":3},"end":{"line":162,"column":2}},"93":{"start":{"line":163,"column":2},"end":{"line":164,"column":2}},"94":{"start":{"line":164,"column":2},"end":{"line":171,"column":1}},"95":{"start":{"line":174,"column":2},"end":{"line":175,"column":1}},"96":{"start":{"line":178,"column":2},"end":{"line":179,"column":1}},"97":{"start":{"line":192,"column":2},"end":{"line":196,"column":6}},"98":{"start":{"line":196,"column":6},"end":{"line":203,"column":2}},"99":{"start":{"line":203,"column":2},"end":{"line":205,"column":3}},"100":{"start":{"line":204,"column":3},"end":{"line":205,"column":2}},"101":{"start":{"line":206,"column":2},"end":{"line":208,"column":3}},"102":{"start":{"line":207,"column":3},"end":{"line":208,"column":2}},"103":{"start":{"line":209,"column":2},"end":{"line":211,"column":3}},"104":{"start":{"line":210,"column":3},"end":{"line":211,"column":2}},"105":{"start":{"line":212,"column":2},"end":{"line":214,"column":3}},"106":{"start":{"line":213,"column":3},"end":{"line":214,"column":2}},"107":{"start":{"line":215,"column":2},"end":{"line":217,"column":3}},"108":{"start":{"line":216,"column":3},"end":{"line":217,"column":2}},"109":{"start":{"line":218,"column":2},"end":{"line":220,"column":3}},"110":{"start":{"line":219,"column":3},"end":{"line":220,"column":2}},"111":{"start":{"line":221,"column":2},"end":{"line":222,"column":1}},"112":{"start":{"line":225,"column":2},"end":{"line":231,"column":2}},"113":{"start":{"line":231,"column":2},"end":{"line":233,"column":3}},"114":{"start":{"line":232,"column":3},"end":{"line":233,"column":2}},"115":{"start":{"line":234,"column":2},"end":{"line":236,"column":3}},"116":{"start":{"line":235,"column":3},"end":{"line":236,"column":2}},"117":{"start":{"line":237,"column":2},"end":{"line":239,"column":3}},"118":{"start":{"line":238,"column":3},"end":{"line":239,"column":2}},"119":{"start":{"line":240,"column":2},"end":{"line":242,"column":3}},"120":{"start":{"line":241,"column":3},"end":{"line":242,"column":2}},"121":{"start":{"line":243,"column":2},"end":{"line":245,"column":3}},"122":{"start":{"line":244,"column":3},"end":{"line":245,"column":2}},"123":{"start":{"line":246,"column":2},"end":{"line":248,"column":3}},"124":{"start":{"line":247,"column":3},"end":{"line":248,"column":2}},"125":{"start":{"line":252,"column":2},"end":{"line":259,"column":2}},"126":{"start":{"line":259,"column":2},"end":{"line":277,"column":3}},"127":{"start":{"line":260,"column":3},"end":{"line":268,"column":4}},"128":{"start":{"line":261,"column":4},"end":{"line":262,"column":3}},"129":{"start":{"line":262,"column":10},"end":{"line":268,"column":4}},"130":{"start":{"line":263,"column":4},"end":{"line":264,"column":3}},"131":{"start":{"line":264,"column":10},"end":{"line":268,"column":4}},"132":{"start":{"line":265,"column":4},"end":{"line":266,"column":3}},"133":{"start":{"line":267,"column":4},"end":{"line":268,"column":3}},"134":{"start":{"line":270,"column":3},"end":{"line":274,"column":4}},"135":{"start":{"line":271,"column":4},"end":{"line":272,"column":3}},"136":{"start":{"line":272,"column":10},"end":{"line":274,"column":4}},"137":{"start":{"line":273,"column":4},"end":{"line":274,"column":3}},"138":{"start":{"line":276,"column":3},"end":{"line":277,"column":2}},"139":{"start":{"line":281,"column":2},"end":{"line":310,"column":3}},"140":{"start":{"line":283,"column":4},"end":{"line":303,"column":5}},"141":{"start":{"line":284,"column":5},"end":{"line":285,"column":5}},"142":{"start":{"line":285,"column":5},"end":{"line":287,"column":6}},"143":{"start":{"line":286,"column":6},"end":{"line":287,"column":5}},"144":{"start":{"line":288,"column":5},"end":{"line":289,"column":4}},"145":{"start":{"line":288,"column":42},"end":{"line":288,"column":105}},"146":{"start":{"line":288,"column":96},"end":{"line":288,"column":105}},"147":{"start":{"line":288,"column":105},"end":{"line":288,"column":113}},"148":{"start":{"line":290,"column":5},"end":{"line":293,"column":5}},"149":{"start":{"line":293,"column":5},"end":{"line":297,"column":6}},"150":{"start":{"line":295,"column":6},"end":{"line":296,"column":6}},"151":{"start":{"line":296,"column":6},"end":{"line":296,"column":11}},"152":{"start":{"line":298,"column":5},"end":{"line":302,"column":6}},"153":{"start":{"line":299,"column":6},"end":{"line":300,"column":5}},"154":{"start":{"line":301,"column":6},"end":{"line":302,"column":5}},"155":{"start":{"line":304,"column":4},"end":{"line":304,"column":9}},"156":{"start":{"line":314,"column":2},"end":{"line":330,"column":2}},"157":{"start":{"line":330,"column":2},"end":{"line":331,"column":2}},"158":{"start":{"line":331,"column":2},"end":{"line":355,"column":3}},"159":{"start":{"line":332,"column":3},"end":{"line":333,"column":3}},"160":{"start":{"line":333,"column":3},"end":{"line":334,"column":3}},"161":{"start":{"line":334,"column":3},"end":{"line":335,"column":3}},"162":{"start":{"line":335,"column":3},"end":{"line":336,"column":3}},"163":{"start":{"line":336,"column":3},"end":{"line":337,"column":3}},"164":{"start":{"line":337,"column":3},"end":{"line":338,"column":3}},"165":{"start":{"line":338,"column":3},"end":{"line":339,"column":3}},"166":{"start":{"line":339,"column":3},"end":{"line":340,"column":3}},"167":{"start":{"line":340,"column":3},"end":{"line":342,"column":3}},"168":{"start":{"line":342,"column":3},"end":{"line":343,"column":3}},"169":{"start":{"line":343,"column":3},"end":{"line":348,"column":4}},"170":{"start":{"line":345,"column":4},"end":{"line":346,"column":3}},"171":{"start":{"line":349,"column":3},"end":{"line":353,"column":4}},"172":{"start":{"line":359,"column":0},"end":{"line":413,"column":0}},"173":{"start":{"line":360,"column":1},"end":{"line":361,"column":1}},"174":{"start":{"line":361,"column":1},"end":{"line":363,"column":2}},"175":{"start":{"line":362,"column":2},"end":{"line":363,"column":1}},"176":{"start":{"line":364,"column":1},"end":{"line":367,"column":1}},"177":{"start":{"line":367,"column":1},"end":{"line":368,"column":1}},"178":{"start":{"line":368,"column":1},"end":{"line":369,"column":1}},"179":{"start":{"line":369,"column":1},"end":{"line":370,"column":1}},"180":{"start":{"line":370,"column":1},"end":{"line":371,"column":1}},"181":{"start":{"line":371,"column":1},"end":{"line":372,"column":1}},"182":{"start":{"line":372,"column":1},"end":{"line":373,"column":1}},"183":{"start":{"line":373,"column":1},"end":{"line":374,"column":1}},"184":{"start":{"line":374,"column":1},"end":{"line":375,"column":1}},"185":{"start":{"line":375,"column":1},"end":{"line":376,"column":1}},"186":{"start":{"line":376,"column":1},"end":{"line":377,"column":1}},"187":{"start":{"line":377,"column":1},"end":{"line":378,"column":1}},"188":{"start":{"line":378,"column":1},"end":{"line":380,"column":1}},"189":{"start":{"line":380,"column":1},"end":{"line":405,"column":2}},"190":{"start":{"line":381,"column":2},"end":{"line":382,"column":2}},"191":{"start":{"line":382,"column":2},"end":{"line":404,"column":3}},"192":{"start":{"line":395,"column":4},"end":{"line":398,"column":5}},"193":{"start":{"line":396,"column":5},"end":{"line":397,"column":5}},"194":{"start":{"line":397,"column":5},"end":{"line":397,"column":10}},"195":{"start":{"line":399,"column":4},"end":{"line":400,"column":4}},"196":{"start":{"line":400,"column":4},"end":{"line":400,"column":10}},"197":{"start":{"line":403,"column":4},"end":{"line":403,"column":10}},"198":{"start":{"line":406,"column":1},"end":{"line":409,"column":2}},"199":{"start":{"line":407,"column":2},"end":{"line":408,"column":2}},"200":{"start":{"line":408,"column":2},"end":{"line":409,"column":1}},"201":{"start":{"line":410,"column":1},"end":{"line":411,"column":0}}},"branchMap":{"1":{"line":81,"type":"if","locations":[{"start":{"line":81,"column":2},"end":{"line":81,"column":2}},{"start":{"line":81,"column":2},"end":{"line":81,"column":2}}]},"2":{"line":81,"type":"binary-expr","locations":[{"start":{"line":81,"column":6},"end":{"line":81,"column":24}},{"start":{"line":81,"column":28},"end":{"line":81,"column":55}}]},"3":{"line":94,"type":"if","locations":[{"start":{"line":94,"column":2},"end":{"line":94,"column":2}},{"start":{"line":94,"column":2},"end":{"line":94,"column":2}}]},"4":{"line":103,"type":"if","locations":[{"start":{"line":103,"column":2},"end":{"line":103,"column":2}},{"start":{"line":103,"column":2},"end":{"line":103,"column":2}}]},"5":{"line":112,"type":"if","locations":[{"start":{"line":112,"column":2},"end":{"line":112,"column":2}},{"start":{"line":112,"column":2},"end":{"line":112,"column":2}}]},"6":{"line":118,"type":"if","locations":[{"start":{"line":118,"column":2},"end":{"line":118,"column":2}},{"start":{"line":118,"column":2},"end":{"line":118,"column":2}}]},"7":{"line":125,"type":"binary-expr","locations":[{"start":{"line":125,"column":12},"end":{"line":125,"column":19}},{"start":{"line":125,"column":23},"end":{"line":125,"column":25}}]},"8":{"line":126,"type":"binary-expr","locations":[{"start":{"line":126,"column":10},"end":{"line":126,"column":15}},{"start":{"line":126,"column":19},"end":{"line":126,"column":22}}]},"9":{"line":132,"type":"if","locations":[{"start":{"line":132,"column":3},"end":{"line":132,"column":3}},{"start":{"line":132,"column":3},"end":{"line":132,"column":3}}]},"10":{"line":132,"type":"binary-expr","locations":[{"start":{"line":132,"column":7},"end":{"line":132,"column":12}},{"start":{"line":132,"column":17},"end":{"line":132,"column":27}}]},"11":{"line":136,"type":"if","locations":[{"start":{"line":136,"column":4},"end":{"line":136,"column":4}},{"start":{"line":136,"column":4},"end":{"line":136,"column":4}}]},"12":{"line":154,"type":"if","locations":[{"start":{"line":154,"column":2},"end":{"line":154,"column":2}},{"start":{"line":154,"column":2},"end":{"line":154,"column":2}}]},"13":{"line":157,"type":"binary-expr","locations":[{"start":{"line":157,"column":18},"end":{"line":157,"column":30}},{"start":{"line":157,"column":34},"end":{"line":157,"column":56}}]},"14":{"line":161,"type":"binary-expr","locations":[{"start":{"line":161,"column":18},"end":{"line":161,"column":30}},{"start":{"line":161,"column":34},"end":{"line":161,"column":56}}]},"15":{"line":163,"type":"cond-expr","locations":[{"start":{"line":163,"column":30},"end":{"line":163,"column":42}},{"start":{"line":163,"column":45},"end":{"line":163,"column":85}}]},"16":{"line":194,"type":"cond-expr","locations":[{"start":{"line":194,"column":28},"end":{"line":194,"column":44}},{"start":{"line":194,"column":47},"end":{"line":194,"column":63}}]},"17":{"line":195,"type":"cond-expr","locations":[{"start":{"line":195,"column":43},"end":{"line":195,"column":50}},{"start":{"line":195,"column":53},"end":{"line":195,"column":60}}]},"18":{"line":196,"type":"cond-expr","locations":[{"start":{"line":196,"column":46},"end":{"line":196,"column":68}},{"start":{"line":196,"column":71},"end":{"line":196,"column":93}}]},"19":{"line":199,"type":"cond-expr","locations":[{"start":{"line":199,"column":32},"end":{"line":199,"column":48}},{"start":{"line":199,"column":51},"end":{"line":199,"column":67}}]},"20":{"line":203,"type":"if","locations":[{"start":{"line":203,"column":2},"end":{"line":203,"column":2}},{"start":{"line":203,"column":2},"end":{"line":203,"column":2}}]},"21":{"line":206,"type":"if","locations":[{"start":{"line":206,"column":2},"end":{"line":206,"column":2}},{"start":{"line":206,"column":2},"end":{"line":206,"column":2}}]},"22":{"line":209,"type":"if","locations":[{"start":{"line":209,"column":2},"end":{"line":209,"column":2}},{"start":{"line":209,"column":2},"end":{"line":209,"column":2}}]},"23":{"line":212,"type":"if","locations":[{"start":{"line":212,"column":2},"end":{"line":212,"column":2}},{"start":{"line":212,"column":2},"end":{"line":212,"column":2}}]},"24":{"line":215,"type":"if","locations":[{"start":{"line":215,"column":2},"end":{"line":215,"column":2}},{"start":{"line":215,"column":2},"end":{"line":215,"column":2}}]},"25":{"line":218,"type":"if","locations":[{"start":{"line":218,"column":2},"end":{"line":218,"column":2}},{"start":{"line":218,"column":2},"end":{"line":218,"column":2}}]},"26":{"line":227,"type":"cond-expr","locations":[{"start":{"line":227,"column":29},"end":{"line":227,"column":49}},{"start":{"line":227,"column":52},"end":{"line":227,"column":72}}]},"27":{"line":231,"type":"if","locations":[{"start":{"line":231,"column":2},"end":{"line":231,"column":2}},{"start":{"line":231,"column":2},"end":{"line":231,"column":2}}]},"28":{"line":234,"type":"if","locations":[{"start":{"line":234,"column":2},"end":{"line":234,"column":2}},{"start":{"line":234,"column":2},"end":{"line":234,"column":2}}]},"29":{"line":237,"type":"if","locations":[{"start":{"line":237,"column":2},"end":{"line":237,"column":2}},{"start":{"line":237,"column":2},"end":{"line":237,"column":2}}]},"30":{"line":240,"type":"if","locations":[{"start":{"line":240,"column":2},"end":{"line":240,"column":2}},{"start":{"line":240,"column":2},"end":{"line":240,"column":2}}]},"31":{"line":243,"type":"if","locations":[{"start":{"line":243,"column":2},"end":{"line":243,"column":2}},{"start":{"line":243,"column":2},"end":{"line":243,"column":2}}]},"32":{"line":246,"type":"if","locations":[{"start":{"line":246,"column":2},"end":{"line":246,"column":2}},{"start":{"line":246,"column":2},"end":{"line":246,"column":2}}]},"33":{"line":254,"type":"cond-expr","locations":[{"start":{"line":254,"column":25},"end":{"line":254,"column":41}},{"start":{"line":254,"column":44},"end":{"line":254,"column":60}}]},"34":{"line":255,"type":"cond-expr","locations":[{"start":{"line":255,"column":28},"end":{"line":255,"column":44}},{"start":{"line":255,"column":47},"end":{"line":255,"column":63}}]},"35":{"line":256,"type":"cond-expr","locations":[{"start":{"line":256,"column":32},"end":{"line":256,"column":48}},{"start":{"line":256,"column":51},"end":{"line":256,"column":67}}]},"36":{"line":259,"type":"if","locations":[{"start":{"line":259,"column":2},"end":{"line":259,"column":2}},{"start":{"line":259,"column":2},"end":{"line":259,"column":2}}]},"37":{"line":260,"type":"if","locations":[{"start":{"line":260,"column":3},"end":{"line":260,"column":3}},{"start":{"line":260,"column":3},"end":{"line":260,"column":3}}]},"38":{"line":262,"type":"if","locations":[{"start":{"line":262,"column":10},"end":{"line":262,"column":10}},{"start":{"line":262,"column":10},"end":{"line":262,"column":10}}]},"39":{"line":264,"type":"if","locations":[{"start":{"line":264,"column":10},"end":{"line":264,"column":10}},{"start":{"line":264,"column":10},"end":{"line":264,"column":10}}]},"40":{"line":270,"type":"if","locations":[{"start":{"line":270,"column":3},"end":{"line":270,"column":3}},{"start":{"line":270,"column":3},"end":{"line":270,"column":3}}]},"41":{"line":272,"type":"if","locations":[{"start":{"line":272,"column":10},"end":{"line":272,"column":10}},{"start":{"line":272,"column":10},"end":{"line":272,"column":10}}]},"42":{"line":281,"type":"switch","locations":[{"start":{"line":282,"column":3},"end":{"line":304,"column":9}},{"start":{"line":305,"column":3},"end":{"line":305,"column":15}},{"start":{"line":306,"column":3},"end":{"line":306,"column":13}},{"start":{"line":307,"column":3},"end":{"line":307,"column":14}},{"start":{"line":308,"column":3},"end":{"line":308,"column":15}},{"start":{"line":309,"column":3},"end":{"line":309,"column":13}}]},"43":{"line":283,"type":"if","locations":[{"start":{"line":283,"column":4},"end":{"line":283,"column":4}},{"start":{"line":283,"column":4},"end":{"line":283,"column":4}}]},"44":{"line":285,"type":"if","locations":[{"start":{"line":285,"column":5},"end":{"line":285,"column":5}},{"start":{"line":285,"column":5},"end":{"line":285,"column":5}}]},"45":{"line":288,"type":"if","locations":[{"start":{"line":288,"column":42},"end":{"line":288,"column":42}},{"start":{"line":288,"column":42},"end":{"line":288,"column":42}}]},"46":{"line":288,"type":"binary-expr","locations":[{"start":{"line":288,"column":46},"end":{"line":288,"column":68}},{"start":{"line":288,"column":72},"end":{"line":288,"column":94}}]},"47":{"line":290,"type":"cond-expr","locations":[{"start":{"line":290,"column":29},"end":{"line":290,"column":37}},{"start":{"line":290,"column":40},"end":{"line":290,"column":48}}]},"48":{"line":293,"type":"if","locations":[{"start":{"line":293,"column":5},"end":{"line":293,"column":5}},{"start":{"line":293,"column":5},"end":{"line":293,"column":5}}]},"49":{"line":298,"type":"if","locations":[{"start":{"line":298,"column":5},"end":{"line":298,"column":5}},{"start":{"line":298,"column":5},"end":{"line":298,"column":5}}]},"50":{"line":331,"type":"if","locations":[{"start":{"line":331,"column":2},"end":{"line":331,"column":2}},{"start":{"line":331,"column":2},"end":{"line":331,"column":2}}]},"51":{"line":332,"type":"binary-expr","locations":[{"start":{"line":332,"column":18},"end":{"line":332,"column":22}},{"start":{"line":332,"column":26},"end":{"line":332,"column":31}}]},"52":{"line":333,"type":"binary-expr","locations":[{"start":{"line":333,"column":15},"end":{"line":333,"column":33}},{"start":{"line":333,"column":37},"end":{"line":333,"column":40}}]},"53":{"line":335,"type":"binary-expr","locations":[{"start":{"line":335,"column":24},"end":{"line":335,"column":28}},{"start":{"line":335,"column":32},"end":{"line":335,"column":37}}]},"54":{"line":337,"type":"cond-expr","locations":[{"start":{"line":337,"column":39},"end":{"line":337,"column":55}},{"start":{"line":337,"column":58},"end":{"line":337,"column":74}}]},"55":{"line":338,"type":"cond-expr","locations":[{"start":{"line":338,"column":43},"end":{"line":338,"column":59}},{"start":{"line":338,"column":62},"end":{"line":338,"column":78}}]},"56":{"line":343,"type":"if","locations":[{"start":{"line":343,"column":3},"end":{"line":343,"column":3}},{"start":{"line":343,"column":3},"end":{"line":343,"column":3}}]},"57":{"line":343,"type":"binary-expr","locations":[{"start":{"line":343,"column":7},"end":{"line":343,"column":22}},{"start":{"line":343,"column":26},"end":{"line":343,"column":52}}]},"58":{"line":349,"type":"if","locations":[{"start":{"line":349,"column":3},"end":{"line":349,"column":3}},{"start":{"line":349,"column":3},"end":{"line":349,"column":3}}]},"59":{"line":360,"type":"binary-expr","locations":[{"start":{"line":360,"column":11},"end":{"line":360,"column":18}},{"start":{"line":360,"column":22},"end":{"line":360,"column":24}}]},"60":{"line":361,"type":"if","locations":[{"start":{"line":361,"column":1},"end":{"line":361,"column":1}},{"start":{"line":361,"column":1},"end":{"line":361,"column":1}}]},"61":{"line":382,"type":"switch","locations":[{"start":{"line":383,"column":3},"end":{"line":383,"column":13}},{"start":{"line":384,"column":3},"end":{"line":384,"column":13}},{"start":{"line":385,"column":3},"end":{"line":385,"column":13}},{"start":{"line":386,"column":3},"end":{"line":386,"column":13}},{"start":{"line":387,"column":3},"end":{"line":387,"column":13}},{"start":{"line":388,"column":3},"end":{"line":388,"column":13}},{"start":{"line":389,"column":3},"end":{"line":389,"column":13}},{"start":{"line":390,"column":3},"end":{"line":390,"column":13}},{"start":{"line":391,"column":3},"end":{"line":391,"column":13}},{"start":{"line":392,"column":3},"end":{"line":392,"column":13}},{"start":{"line":393,"column":3},"end":{"line":393,"column":13}},{"start":{"line":394,"column":3},"end":{"line":400,"column":10}},{"start":{"line":401,"column":3},"end":{"line":403,"column":10}}]},"62":{"line":395,"type":"if","locations":[{"start":{"line":395,"column":4},"end":{"line":395,"column":4}},{"start":{"line":395,"column":4},"end":{"line":395,"column":4}}]}}},"/Users/gbeaver2/github/local/chessjs/lib/bitboard.js":{"path":"/Users/gbeaver2/github/local/chessjs/lib/bitboard.js","s":{"1":1,"2":1,"3":1,"4":22833,"5":1060,"6":1060,"7":1060,"8":21773,"9":21773,"10":21773,"11":1,"12":161,"13":161,"14":161,"15":161,"16":1,"17":398,"18":398,"19":398,"20":398,"21":398,"22":398,"23":398,"24":398,"25":398,"26":398,"27":1,"28":1060,"29":3,"30":3,"31":3,"32":3,"33":2,"34":2,"35":1,"36":1,"37":1,"38":1,"39":1,"40":1,"41":1,"42":1,"43":493,"44":493,"45":493,"46":493,"47":493,"48":493,"49":493,"50":493,"51":493,"52":493,"53":493,"54":493,"55":237,"56":237,"57":237,"58":237,"59":237,"60":237,"61":237,"62":237,"63":237,"64":173,"65":64,"66":61,"67":61,"68":312,"69":3548,"70":128,"71":3336,"72":1933,"73":5483,"74":1,"75":5558,"76":1,"77":3,"78":294,"79":52,"80":176,"81":5040,"82":5040,"83":1,"84":1,"85":1,"86":1,"87":132,"88":134,"89":119,"90":157,"91":148,"92":119,"93":159,"94":148,"95":1004,"96":1004,"97":1004,"98":1004,"99":1004,"100":1004,"101":127,"102":125,"103":125,"104":125,"105":127,"106":125,"107":125,"108":125,"109":6,"110":6,"111":6,"112":6,"113":2,"114":2,"115":1,"116":67,"117":38,"118":29,"119":8,"120":62,"121":62,"122":62,"123":62,"124":41,"125":41,"126":41,"127":3,"128":3,"129":3,"130":4,"131":3,"132":2,"133":58,"134":58,"135":56,"136":245,"137":245,"138":158,"139":158,"140":245,"141":1,"142":244,"143":133,"144":133,"145":244,"146":244,"147":244,"148":87,"149":87,"150":157,"151":157,"152":133,"153":58,"154":58,"155":0,"156":58,"157":3,"158":3,"159":27,"160":55,"161":55,"162":55,"163":55,"164":10,"165":6,"166":4,"167":45,"168":8,"169":4,"170":4,"171":37,"172":18,"173":10,"174":6,"175":4,"176":8,"177":4,"178":4,"179":19,"180":123,"181":4,"182":119,"183":145,"184":119,"185":115,"186":4,"187":1,"188":14,"189":3,"190":11,"191":13,"192":13,"193":11,"194":1,"195":10,"196":1,"197":1,"198":4,"199":1,"200":3,"201":1,"202":2,"203":49,"204":49,"205":15,"206":34,"207":34,"208":34,"209":34,"210":34,"211":34,"212":34,"213":1,"214":1,"215":12,"216":1,"217":11,"218":11,"219":4,"220":7,"221":1,"222":32,"223":32,"224":32,"225":21,"226":11,"227":11,"228":32},"b":{"1":[1060,21773],"2":[22833,14292],"3":[1060,146],"4":[21773,445],"5":[173,64],"6":[61,1],"7":[1004,752],"8":[3,3],"9":[3,3],"10":[3,3],"11":[1,1],"12":[38,29],"13":[62,58],"14":[41,7],"15":[158,87],"16":[1,244],"17":[377,290],"18":[87,157],"19":[0,58],"20":[3,55],"21":[10,45],"22":[55,38,37],"23":[6,4],"24":[8,37],"25":[45,33,27],"26":[4,4],"27":[18,19],"28":[37,20,28],"29":[10,8],"30":[6,4],"31":[4,4],"32":[4,119],"33":[123,32],"34":[3,1],"35":[115,4],"36":[3,11],"37":[14,6],"38":[1,2],"39":[1,10],"40":[1,3],"41":[4,1],"42":[1,2],"43":[15,34],"44":[11,23],"45":[9,25],"46":[11,23],"47":[9,25],"48":[8,26],"49":[1,11],"50":[4,7],"51":[21,11],"52":[11,0]},"f":{"1":22833,"2":161,"3":398,"4":1060,"5":3,"6":3,"7":3,"8":3,"9":2,"10":2,"11":1,"12":1,"13":1,"14":1,"15":1,"16":1,"17":1,"18":1,"19":493,"20":237,"21":61,"22":312,"23":3548,"24":128,"25":3336,"26":1933,"27":5483,"28":1,"29":5558,"30":1,"31":3,"32":294,"33":52,"34":176,"35":5040,"36":1,"37":1,"38":132,"39":134,"40":119,"41":157,"42":148,"43":119,"44":159,"45":148,"46":1004,"47":127,"48":125,"49":125,"50":125,"51":127,"52":125,"53":125,"54":125,"55":6,"56":6,"57":2,"58":1,"59":67,"60":8,"61":62,"62":41,"63":3,"64":3,"65":3,"66":4,"67":3,"68":2,"69":58,"70":58,"71":56,"72":245,"73":133,"74":58,"75":27,"76":123,"77":145,"78":1,"79":14,"80":13,"81":1,"82":1,"83":4,"84":49,"85":12,"86":32},"fnMap":{"1":{"name":"Bitboard","line":8,"loc":{"start":{"line":8,"column":0},"end":{"line":8,"column":20}}},"2":{"name":"(anonymous_2)","line":20,"loc":{"start":{"line":20,"column":22},"end":{"line":20,"column":43}}},"3":{"name":"(anonymous_3)","line":29,"loc":{"start":{"line":29,"column":24},"end":{"line":29,"column":45}}},"4":{"name":"(anonymous_4)","line":46,"loc":{"start":{"line":46,"column":18},"end":{"line":46,"column":18}}},"5":{"name":"(anonymous_5)","line":47,"loc":{"start":{"line":47,"column":16},"end":{"line":47,"column":16}}},"6":{"name":"(anonymous_6)","line":48,"loc":{"start":{"line":48,"column":16},"end":{"line":48,"column":16}}},"7":{"name":"(anonymous_7)","line":49,"loc":{"start":{"line":49,"column":17},"end":{"line":49,"column":17}}},"8":{"name":"(anonymous_8)","line":50,"loc":{"start":{"line":50,"column":17},"end":{"line":50,"column":17}}},"9":{"name":"(anonymous_9)","line":51,"loc":{"start":{"line":51,"column":13},"end":{"line":51,"column":13}}},"10":{"name":"(anonymous_10)","line":52,"loc":{"start":{"line":52,"column":13},"end":{"line":52,"column":13}}},"11":{"name":"(anonymous_11)","line":53,"loc":{"start":{"line":53,"column":13},"end":{"line":53,"column":13}}},"12":{"name":"(anonymous_12)","line":54,"loc":{"start":{"line":54,"column":13},"end":{"line":54,"column":13}}},"13":{"name":"(anonymous_13)","line":55,"loc":{"start":{"line":55,"column":13},"end":{"line":55,"column":13}}},"14":{"name":"(anonymous_14)","line":56,"loc":{"start":{"line":56,"column":13},"end":{"line":56,"column":13}}},"15":{"name":"(anonymous_15)","line":57,"loc":{"start":{"line":57,"column":13},"end":{"line":57,"column":13}}},"16":{"name":"(anonymous_16)","line":58,"loc":{"start":{"line":58,"column":13},"end":{"line":58,"column":13}}},"17":{"name":"(anonymous_17)","line":59,"loc":{"start":{"line":59,"column":13},"end":{"line":59,"column":13}}},"18":{"name":"(anonymous_18)","line":60,"loc":{"start":{"line":60,"column":13},"end":{"line":60,"column":13}}},"19":{"name":"(anonymous_19)","line":62,"loc":{"start":{"line":62,"column":15},"end":{"line":62,"column":27}}},"20":{"name":"(anonymous_20)","line":81,"loc":{"start":{"line":81,"column":14},"end":{"line":81,"column":32}}},"21":{"name":"(anonymous_21)","line":99,"loc":{"start":{"line":99,"column":10},"end":{"line":99,"column":26}}},"22":{"name":"(anonymous_22)","line":104,"loc":{"start":{"line":104,"column":9},"end":{"line":104,"column":21}}},"23":{"name":"(anonymous_23)","line":107,"loc":{"start":{"line":107,"column":6},"end":{"line":107,"column":18}}},"24":{"name":"(anonymous_24)","line":110,"loc":{"start":{"line":110,"column":9},"end":{"line":110,"column":21}}},"25":{"name":"(anonymous_25)","line":113,"loc":{"start":{"line":113,"column":6},"end":{"line":113,"column":18}}},"26":{"name":"(anonymous_26)","line":116,"loc":{"start":{"line":116,"column":6},"end":{"line":116,"column":18}}},"27":{"name":"(anonymous_27)","line":119,"loc":{"start":{"line":119,"column":7},"end":{"line":119,"column":19}}},"28":{"name":"(anonymous_28)","line":122,"loc":{"start":{"line":122,"column":5},"end":{"line":122,"column":17}}},"29":{"name":"(anonymous_29)","line":125,"loc":{"start":{"line":125,"column":6},"end":{"line":125,"column":18}}},"30":{"name":"(anonymous_30)","line":128,"loc":{"start":{"line":128,"column":6},"end":{"line":128,"column":18}}},"31":{"name":"(anonymous_31)","line":131,"loc":{"start":{"line":131,"column":7},"end":{"line":131,"column":19}}},"32":{"name":"(anonymous_32)","line":134,"loc":{"start":{"line":134,"column":6},"end":{"line":134,"column":17}}},"33":{"name":"(anonymous_33)","line":137,"loc":{"start":{"line":137,"column":10},"end":{"line":137,"column":21}}},"34":{"name":"(anonymous_34)","line":140,"loc":{"start":{"line":140,"column":13},"end":{"line":140,"column":24}}},"35":{"name":"(anonymous_35)","line":143,"loc":{"start":{"line":143,"column":11},"end":{"line":143,"column":26}}},"36":{"name":"(anonymous_36)","line":147,"loc":{"start":{"line":147,"column":12},"end":{"line":147,"column":23}}},"37":{"name":"(anonymous_37)","line":152,"loc":{"start":{"line":152,"column":12},"end":{"line":152,"column":23}}},"38":{"name":"(anonymous_38)","line":157,"loc":{"start":{"line":157,"column":11},"end":{"line":157,"column":22}}},"39":{"name":"(anonymous_39)","line":160,"loc":{"start":{"line":160,"column":11},"end":{"line":160,"column":22}}},"40":{"name":"(anonymous_40)","line":163,"loc":{"start":{"line":163,"column":10},"end":{"line":163,"column":21}}},"41":{"name":"(anonymous_41)","line":166,"loc":{"start":{"line":166,"column":15},"end":{"line":166,"column":26}}},"42":{"name":"(anonymous_42)","line":169,"loc":{"start":{"line":169,"column":15},"end":{"line":169,"column":26}}},"43":{"name":"(anonymous_43)","line":172,"loc":{"start":{"line":172,"column":10},"end":{"line":172,"column":21}}},"44":{"name":"(anonymous_44)","line":175,"loc":{"start":{"line":175,"column":15},"end":{"line":175,"column":26}}},"45":{"name":"(anonymous_45)","line":178,"loc":{"start":{"line":178,"column":15},"end":{"line":178,"column":26}}},"46":{"name":"(anonymous_46)","line":182,"loc":{"start":{"line":182,"column":16},"end":{"line":183,"column":1}}},"47":{"name":"(anonymous_47)","line":192,"loc":{"start":{"line":192,"column":18},"end":{"line":192,"column":30}}},"48":{"name":"(anonymous_48)","line":195,"loc":{"start":{"line":195,"column":20},"end":{"line":195,"column":32}}},"49":{"name":"(anonymous_49)","line":198,"loc":{"start":{"line":198,"column":20},"end":{"line":198,"column":32}}},"50":{"name":"(anonymous_50)","line":201,"loc":{"start":{"line":201,"column":20},"end":{"line":201,"column":32}}},"51":{"name":"(anonymous_51)","line":204,"loc":{"start":{"line":204,"column":25},"end":{"line":204,"column":37}}},"52":{"name":"(anonymous_52)","line":207,"loc":{"start":{"line":207,"column":25},"end":{"line":207,"column":37}}},"53":{"name":"(anonymous_53)","line":210,"loc":{"start":{"line":210,"column":25},"end":{"line":210,"column":37}}},"54":{"name":"(anonymous_54)","line":213,"loc":{"start":{"line":213,"column":25},"end":{"line":213,"column":37}}},"55":{"name":"(anonymous_55)","line":217,"loc":{"start":{"line":217,"column":18},"end":{"line":217,"column":41}}},"56":{"name":"(anonymous_56)","line":221,"loc":{"start":{"line":221,"column":18},"end":{"line":221,"column":41}}},"57":{"name":"(anonymous_57)","line":227,"loc":{"start":{"line":227,"column":16},"end":{"line":227,"column":39}}},"58":{"name":"(anonymous_58)","line":231,"loc":{"start":{"line":231,"column":11},"end":{"line":231,"column":22}}},"59":{"name":"(anonymous_59)","line":235,"loc":{"start":{"line":235,"column":20},"end":{"line":235,"column":36}}},"60":{"name":"(anonymous_60)","line":242,"loc":{"start":{"line":242,"column":17},"end":{"line":242,"column":42}}},"61":{"name":"(anonymous_61)","line":246,"loc":{"start":{"line":246,"column":14},"end":{"line":246,"column":30}}},"62":{"name":"(anonymous_62)","line":259,"loc":{"start":{"line":259,"column":12},"end":{"line":259,"column":28}}},"63":{"name":"(anonymous_63)","line":267,"loc":{"start":{"line":267,"column":12},"end":{"line":267,"column":28}}},"64":{"name":"(anonymous_64)","line":274,"loc":{"start":{"line":274,"column":14},"end":{"line":274,"column":30}}},"65":{"name":"(anonymous_65)","line":281,"loc":{"start":{"line":281,"column":13},"end":{"line":281,"column":29}}},"66":{"name":"(anonymous_66)","line":292,"loc":{"start":{"line":292,"column":12},"end":{"line":292,"column":44}}},"67":{"name":"(anonymous_67)","line":297,"loc":{"start":{"line":297,"column":20},"end":{"line":297,"column":38}}},"68":{"name":"(anonymous_68)","line":300,"loc":{"start":{"line":300,"column":22},"end":{"line":300,"column":40}}},"69":{"name":"(anonymous_69)","line":303,"loc":{"start":{"line":303,"column":20},"end":{"line":303,"column":36}}},"70":{"name":"(anonymous_70)","line":309,"loc":{"start":{"line":309,"column":22},"end":{"line":309,"column":38}}},"71":{"name":"(anonymous_71)","line":315,"loc":{"start":{"line":315,"column":21},"end":{"line":315,"column":37}}},"72":{"name":"(anonymous_72)","line":325,"loc":{"start":{"line":325,"column":6},"end":{"line":325,"column":17}}},"73":{"name":"(anonymous_73)","line":339,"loc":{"start":{"line":339,"column":10},"end":{"line":339,"column":21}}},"74":{"name":"(anonymous_74)","line":354,"loc":{"start":{"line":354,"column":20},"end":{"line":354,"column":43}}},"75":{"name":"(anonymous_75)","line":362,"loc":{"start":{"line":362,"column":23},"end":{"line":362,"column":38}}},"76":{"name":"(anonymous_76)","line":405,"loc":{"start":{"line":405,"column":12},"end":{"line":405,"column":30}}},"77":{"name":"(anonymous_77)","line":409,"loc":{"start":{"line":409,"column":14},"end":{"line":409,"column":30}}},"78":{"name":"(anonymous_78)","line":415,"loc":{"start":{"line":415,"column":42},"end":{"line":415,"column":55}}},"79":{"name":"(anonymous_79)","line":417,"loc":{"start":{"line":417,"column":14},"end":{"line":417,"column":32}}},"80":{"name":"(anonymous_80)","line":421,"loc":{"start":{"line":421,"column":14},"end":{"line":421,"column":30}}},"81":{"name":"(anonymous_81)","line":428,"loc":{"start":{"line":428,"column":42},"end":{"line":428,"column":55}}},"82":{"name":"(anonymous_82)","line":430,"loc":{"start":{"line":430,"column":21},"end":{"line":430,"column":40}}},"83":{"name":"(anonymous_83)","line":433,"loc":{"start":{"line":433,"column":13},"end":{"line":433,"column":32}}},"84":{"name":"(anonymous_84)","line":445,"loc":{"start":{"line":445,"column":10},"end":{"line":445,"column":73}}},"85":{"name":"(anonymous_85)","line":475,"loc":{"start":{"line":475,"column":25},"end":{"line":475,"column":41}}},"86":{"name":"(anonymous_86)","line":485,"loc":{"start":{"line":485,"column":23},"end":{"line":485,"column":39}}}},"statementMap":{"1":{"start":{"line":1,"column":0},"end":{"line":3,"column":0}},"2":{"start":{"line":3,"column":0},"end":{"line":8,"column":0}},"3":{"start":{"line":8,"column":0},"end":{"line":18,"column":1}},"4":{"start":{"line":9,"column":1},"end":{"line":17,"column":2}},"5":{"start":{"line":10,"column":2},"end":{"line":11,"column":2}},"6":{"start":{"line":11,"column":2},"end":{"line":12,"column":2}},"7":{"start":{"line":12,"column":2},"end":{"line":13,"column":1}},"8":{"start":{"line":14,"column":2},"end":{"line":15,"column":2}},"9":{"start":{"line":15,"column":2},"end":{"line":16,"column":2}},"10":{"start":{"line":16,"column":2},"end":{"line":17,"column":1}},"11":{"start":{"line":20,"column":0},"end":{"line":29,"column":0}},"12":{"start":{"line":21,"column":1},"end":{"line":24,"column":1}},"13":{"start":{"line":24,"column":1},"end":{"line":25,"column":1}},"14":{"start":{"line":25,"column":1},"end":{"line":26,"column":1}},"15":{"start":{"line":26,"column":1},"end":{"line":27,"column":0}},"16":{"start":{"line":29,"column":0},"end":{"line":45,"column":0}},"17":{"start":{"line":30,"column":1},"end":{"line":32,"column":1}},"18":{"start":{"line":32,"column":1},"end":{"line":33,"column":1}},"19":{"start":{"line":33,"column":1},"end":{"line":35,"column":1}},"20":{"start":{"line":35,"column":1},"end":{"line":36,"column":1}},"21":{"start":{"line":36,"column":1},"end":{"line":38,"column":1}},"22":{"start":{"line":38,"column":1},"end":{"line":39,"column":1}},"23":{"start":{"line":39,"column":1},"end":{"line":41,"column":1}},"24":{"start":{"line":41,"column":1},"end":{"line":42,"column":1}},"25":{"start":{"line":42,"column":1},"end":{"line":43,"column":1}},"26":{"start":{"line":43,"column":1},"end":{"line":44,"column":0}},"27":{"start":{"line":45,"column":0},"end":{"line":465,"column":0}},"28":{"start":{"line":46,"column":20},"end":{"line":46,"column":32}},"29":{"start":{"line":47,"column":18},"end":{"line":47,"column":34}},"30":{"start":{"line":48,"column":18},"end":{"line":48,"column":34}},"31":{"start":{"line":49,"column":19},"end":{"line":49,"column":36}},"32":{"start":{"line":50,"column":19},"end":{"line":50,"column":37}},"33":{"start":{"line":51,"column":15},"end":{"line":51,"column":42}},"34":{"start":{"line":52,"column":15},"end":{"line":52,"column":42}},"35":{"start":{"line":53,"column":15},"end":{"line":53,"column":42}},"36":{"start":{"line":54,"column":15},"end":{"line":54,"column":42}},"37":{"start":{"line":55,"column":15},"end":{"line":55,"column":42}},"38":{"start":{"line":56,"column":15},"end":{"line":56,"column":42}},"39":{"start":{"line":57,"column":15},"end":{"line":57,"column":42}},"40":{"start":{"line":58,"column":15},"end":{"line":58,"column":42}},"41":{"start":{"line":59,"column":15},"end":{"line":59,"column":42}},"42":{"start":{"line":60,"column":15},"end":{"line":60,"column":42}},"43":{"start":{"line":63,"column":2},"end":{"line":65,"column":2}},"44":{"start":{"line":65,"column":2},"end":{"line":66,"column":2}},"45":{"start":{"line":66,"column":2},"end":{"line":68,"column":2}},"46":{"start":{"line":68,"column":2},"end":{"line":69,"column":2}},"47":{"start":{"line":69,"column":2},"end":{"line":71,"column":2}},"48":{"start":{"line":71,"column":2},"end":{"line":72,"column":2}},"49":{"start":{"line":72,"column":2},"end":{"line":74,"column":2}},"50":{"start":{"line":74,"column":2},"end":{"line":75,"column":2}},"51":{"start":{"line":75,"column":2},"end":{"line":76,"column":2}},"52":{"start":{"line":76,"column":2},"end":{"line":77,"column":2}},"53":{"start":{"line":77,"column":2},"end":{"line":78,"column":2}},"54":{"start":{"line":78,"column":2},"end":{"line":79,"column":1}},"55":{"start":{"line":82,"column":2},"end":{"line":87,"column":2}},"56":{"start":{"line":87,"column":2},"end":{"line":88,"column":2}},"57":{"start":{"line":88,"column":2},"end":{"line":89,"column":2}},"58":{"start":{"line":89,"column":2},"end":{"line":90,"column":2}},"59":{"start":{"line":90,"column":2},"end":{"line":91,"column":2}},"60":{"start":{"line":91,"column":2},"end":{"line":92,"column":2}},"61":{"start":{"line":92,"column":2},"end":{"line":93,"column":2}},"62":{"start":{"line":93,"column":2},"end":{"line":94,"column":2}},"63":{"start":{"line":94,"column":2},"end":{"line":96,"column":3}},"64":{"start":{"line":95,"column":3},"end":{"line":96,"column":2}},"65":{"start":{"line":97,"column":2},"end":{"line":98,"column":1}},"66":{"start":{"line":100,"column":2},"end":{"line":101,"column":2}},"67":{"start":{"line":101,"column":2},"end":{"line":102,"column":1}},"68":{"start":{"line":105,"column":2},"end":{"line":106,"column":1}},"69":{"start":{"line":108,"column":2},"end":{"line":109,"column":1}},"70":{"start":{"line":111,"column":2},"end":{"line":112,"column":1}},"71":{"start":{"line":114,"column":2},"end":{"line":115,"column":1}},"72":{"start":{"line":117,"column":2},"end":{"line":118,"column":1}},"73":{"start":{"line":120,"column":2},"end":{"line":121,"column":1}},"74":{"start":{"line":123,"column":2},"end":{"line":124,"column":1}},"75":{"start":{"line":126,"column":2},"end":{"line":127,"column":1}},"76":{"start":{"line":129,"column":2},"end":{"line":130,"column":1}},"77":{"start":{"line":132,"column":2},"end":{"line":133,"column":1}},"78":{"start":{"line":135,"column":2},"end":{"line":136,"column":1}},"79":{"start":{"line":138,"column":2},"end":{"line":139,"column":1}},"80":{"start":{"line":141,"column":2},"end":{"line":142,"column":1}},"81":{"start":{"line":144,"column":2},"end":{"line":145,"column":2}},"82":{"start":{"line":145,"column":2},"end":{"line":146,"column":1}},"83":{"start":{"line":148,"column":2},"end":{"line":150,"column":2}},"84":{"start":{"line":150,"column":2},"end":{"line":151,"column":1}},"85":{"start":{"line":153,"column":2},"end":{"line":155,"column":2}},"86":{"start":{"line":155,"column":2},"end":{"line":156,"column":1}},"87":{"start":{"line":158,"column":2},"end":{"line":159,"column":1}},"88":{"start":{"line":161,"column":2},"end":{"line":162,"column":1}},"89":{"start":{"line":164,"column":2},"end":{"line":165,"column":1}},"90":{"start":{"line":167,"column":2},"end":{"line":168,"column":1}},"91":{"start":{"line":170,"column":2},"end":{"line":171,"column":1}},"92":{"start":{"line":173,"column":2},"end":{"line":174,"column":1}},"93":{"start":{"line":176,"column":2},"end":{"line":177,"column":1}},"94":{"start":{"line":179,"column":2},"end":{"line":180,"column":1}},"95":{"start":{"line":184,"column":2},"end":{"line":185,"column":2}},"96":{"start":{"line":185,"column":2},"end":{"line":186,"column":2}},"97":{"start":{"line":186,"column":2},"end":{"line":187,"column":2}},"98":{"start":{"line":187,"column":2},"end":{"line":188,"column":2}},"99":{"start":{"line":188,"column":2},"end":{"line":189,"column":2}},"100":{"start":{"line":189,"column":2},"end":{"line":190,"column":1}},"101":{"start":{"line":193,"column":2},"end":{"line":194,"column":1}},"102":{"start":{"line":196,"column":2},"end":{"line":197,"column":1}},"103":{"start":{"line":199,"column":2},"end":{"line":200,"column":1}},"104":{"start":{"line":202,"column":2},"end":{"line":203,"column":1}},"105":{"start":{"line":205,"column":2},"end":{"line":206,"column":1}},"106":{"start":{"line":208,"column":2},"end":{"line":209,"column":1}},"107":{"start":{"line":211,"column":2},"end":{"line":212,"column":1}},"108":{"start":{"line":214,"column":2},"end":{"line":215,"column":1}},"109":{"start":{"line":218,"column":2},"end":{"line":219,"column":2}},"110":{"start":{"line":219,"column":2},"end":{"line":220,"column":1}},"111":{"start":{"line":222,"column":2},"end":{"line":225,"column":2}},"112":{"start":{"line":225,"column":2},"end":{"line":226,"column":1}},"113":{"start":{"line":228,"column":2},"end":{"line":229,"column":2}},"114":{"start":{"line":229,"column":2},"end":{"line":230,"column":1}},"115":{"start":{"line":232,"column":2},"end":{"line":234,"column":1}},"116":{"start":{"line":236,"column":2},"end":{"line":240,"column":3}},"117":{"start":{"line":237,"column":3},"end":{"line":238,"column":2}},"118":{"start":{"line":239,"column":3},"end":{"line":240,"column":2}},"119":{"start":{"line":243,"column":2},"end":{"line":244,"column":1}},"120":{"start":{"line":247,"column":2},"end":{"line":248,"column":6}},"121":{"start":{"line":248,"column":6},"end":{"line":256,"column":2}},"122":{"start":{"line":256,"column":2},"end":{"line":257,"column":2}},"123":{"start":{"line":257,"column":2},"end":{"line":258,"column":1}},"124":{"start":{"line":260,"column":2},"end":{"line":264,"column":2}},"125":{"start":{"line":264,"column":2},"end":{"line":265,"column":2}},"126":{"start":{"line":265,"column":2},"end":{"line":266,"column":1}},"127":{"start":{"line":268,"column":2},"end":{"line":273,"column":1}},"128":{"start":{"line":275,"column":2},"end":{"line":280,"column":1}},"129":{"start":{"line":282,"column":2},"end":{"line":291,"column":1}},"130":{"start":{"line":293,"column":2},"end":{"line":295,"column":1}},"131":{"start":{"line":298,"column":2},"end":{"line":299,"column":1}},"132":{"start":{"line":301,"column":2},"end":{"line":302,"column":1}},"133":{"start":{"line":304,"column":2},"end":{"line":308,"column":1}},"134":{"start":{"line":310,"column":2},"end":{"line":314,"column":1}},"135":{"start":{"line":316,"column":2},"end":{"line":324,"column":1}},"136":{"start":{"line":326,"column":2},"end":{"line":330,"column":2}},"137":{"start":{"line":330,"column":2},"end":{"line":333,"column":3}},"138":{"start":{"line":331,"column":3},"end":{"line":332,"column":3}},"139":{"start":{"line":332,"column":3},"end":{"line":333,"column":2}},"140":{"start":{"line":334,"column":2},"end":{"line":336,"column":3}},"141":{"start":{"line":335,"column":3},"end":{"line":336,"column":2}},"142":{"start":{"line":337,"column":2},"end":{"line":338,"column":1}},"143":{"start":{"line":340,"column":2},"end":{"line":341,"column":2}},"144":{"start":{"line":341,"column":2},"end":{"line":351,"column":3}},"145":{"start":{"line":342,"column":3},"end":{"line":343,"column":3}},"146":{"start":{"line":343,"column":3},"end":{"line":344,"column":3}},"147":{"start":{"line":344,"column":3},"end":{"line":350,"column":4}},"148":{"start":{"line":345,"column":4},"end":{"line":346,"column":4}},"149":{"start":{"line":346,"column":4},"end":{"line":347,"column":3}},"150":{"start":{"line":348,"column":4},"end":{"line":349,"column":4}},"151":{"start":{"line":349,"column":4},"end":{"line":350,"column":3}},"152":{"start":{"line":352,"column":2},"end":{"line":353,"column":1}},"153":{"start":{"line":355,"column":2},"end":{"line":357,"column":2}},"154":{"start":{"line":357,"column":2},"end":{"line":359,"column":3}},"155":{"start":{"line":358,"column":3},"end":{"line":359,"column":2}},"156":{"start":{"line":360,"column":2},"end":{"line":365,"column":3}},"157":{"start":{"line":361,"column":3},"end":{"line":362,"column":3}},"158":{"start":{"line":362,"column":3},"end":{"line":365,"column":2}},"159":{"start":{"line":363,"column":4},"end":{"line":364,"column":3}},"160":{"start":{"line":366,"column":2},"end":{"line":367,"column":2}},"161":{"start":{"line":367,"column":2},"end":{"line":368,"column":2}},"162":{"start":{"line":368,"column":2},"end":{"line":371,"column":2}},"163":{"start":{"line":371,"column":2},"end":{"line":378,"column":3}},"164":{"start":{"line":373,"column":3},"end":{"line":377,"column":4}},"165":{"start":{"line":374,"column":4},"end":{"line":375,"column":3}},"166":{"start":{"line":376,"column":4},"end":{"line":377,"column":3}},"167":{"start":{"line":379,"column":2},"end":{"line":386,"column":3}},"168":{"start":{"line":381,"column":3},"end":{"line":385,"column":4}},"169":{"start":{"line":382,"column":4},"end":{"line":383,"column":3}},"170":{"start":{"line":384,"column":4},"end":{"line":385,"column":3}},"171":{"start":{"line":387,"column":2},"end":{"line":402,"column":3}},"172":{"start":{"line":389,"column":3},"end":{"line":401,"column":4}},"173":{"start":{"line":390,"column":4},"end":{"line":394,"column":5}},"174":{"start":{"line":391,"column":5},"end":{"line":392,"column":4}},"175":{"start":{"line":393,"column":5},"end":{"line":394,"column":4}},"176":{"start":{"line":396,"column":4},"end":{"line":400,"column":5}},"177":{"start":{"line":397,"column":5},"end":{"line":398,"column":4}},"178":{"start":{"line":399,"column":5},"end":{"line":400,"column":4}},"179":{"start":{"line":403,"column":2},"end":{"line":404,"column":1}},"180":{"start":{"line":406,"column":2},"end":{"line":408,"column":3}},"181":{"start":{"line":407,"column":3},"end":{"line":408,"column":2}},"182":{"start":{"line":409,"column":2},"end":{"line":412,"column":2}},"183":{"start":{"line":410,"column":3},"end":{"line":411,"column":2}},"184":{"start":{"line":412,"column":2},"end":{"line":414,"column":3}},"185":{"start":{"line":413,"column":3},"end":{"line":414,"column":2}},"186":{"start":{"line":415,"column":2},"end":{"line":416,"column":1}},"187":{"start":{"line":415,"column":56},"end":{"line":415,"column":76}},"188":{"start":{"line":418,"column":2},"end":{"line":420,"column":3}},"189":{"start":{"line":419,"column":3},"end":{"line":420,"column":2}},"190":{"start":{"line":421,"column":2},"end":{"line":425,"column":2}},"191":{"start":{"line":422,"column":3},"end":{"line":423,"column":3}},"192":{"start":{"line":423,"column":3},"end":{"line":424,"column":2}},"193":{"start":{"line":425,"column":2},"end":{"line":427,"column":3}},"194":{"start":{"line":426,"column":3},"end":{"line":427,"column":2}},"195":{"start":{"line":428,"column":2},"end":{"line":429,"column":1}},"196":{"start":{"line":428,"column":56},"end":{"line":428,"column":76}},"197":{"start":{"line":431,"column":2},"end":{"line":432,"column":1}},"198":{"start":{"line":434,"column":2},"end":{"line":436,"column":3}},"199":{"start":{"line":435,"column":3},"end":{"line":436,"column":2}},"200":{"start":{"line":437,"column":2},"end":{"line":439,"column":3}},"201":{"start":{"line":438,"column":3},"end":{"line":439,"column":2}},"202":{"start":{"line":440,"column":2},"end":{"line":441,"column":1}},"203":{"start":{"line":446,"column":2},"end":{"line":452,"column":2}},"204":{"start":{"line":452,"column":2},"end":{"line":454,"column":3}},"205":{"start":{"line":453,"column":3},"end":{"line":454,"column":2}},"206":{"start":{"line":455,"column":2},"end":{"line":456,"column":2}},"207":{"start":{"line":456,"column":2},"end":{"line":457,"column":2}},"208":{"start":{"line":457,"column":2},"end":{"line":458,"column":2}},"209":{"start":{"line":458,"column":2},"end":{"line":459,"column":2}},"210":{"start":{"line":459,"column":2},"end":{"line":460,"column":2}},"211":{"start":{"line":460,"column":2},"end":{"line":461,"column":2}},"212":{"start":{"line":461,"column":2},"end":{"line":462,"column":1}},"213":{"start":{"line":465,"column":0},"end":{"line":475,"column":0}},"214":{"start":{"line":475,"column":0},"end":{"line":485,"column":0}},"215":{"start":{"line":476,"column":1},"end":{"line":478,"column":2}},"216":{"start":{"line":477,"column":2},"end":{"line":478,"column":1}},"217":{"start":{"line":479,"column":1},"end":{"line":480,"column":1}},"218":{"start":{"line":480,"column":1},"end":{"line":482,"column":2}},"219":{"start":{"line":481,"column":2},"end":{"line":482,"column":1}},"220":{"start":{"line":483,"column":1},"end":{"line":484,"column":0}},"221":{"start":{"line":485,"column":0},"end":{"line":495,"column":0}},"222":{"start":{"line":486,"column":1},"end":{"line":487,"column":1}},"223":{"start":{"line":487,"column":1},"end":{"line":488,"column":1}},"224":{"start":{"line":488,"column":1},"end":{"line":492,"column":2}},"225":{"start":{"line":489,"column":2},"end":{"line":490,"column":1}},"226":{"start":{"line":490,"column":8},"end":{"line":492,"column":2}},"227":{"start":{"line":491,"column":2},"end":{"line":492,"column":1}},"228":{"start":{"line":493,"column":1},"end":{"line":494,"column":0}}},"branchMap":{"1":{"line":9,"type":"if","locations":[{"start":{"line":9,"column":1},"end":{"line":9,"column":1}},{"start":{"line":9,"column":1},"end":{"line":9,"column":1}}]},"2":{"line":9,"type":"binary-expr","locations":[{"start":{"line":9,"column":5},"end":{"line":9,"column":19}},{"start":{"line":9,"column":23},"end":{"line":9,"column":46}}]},"3":{"line":12,"type":"binary-expr","locations":[{"start":{"line":12,"column":15},"end":{"line":12,"column":27}},{"start":{"line":12,"column":31},"end":{"line":12,"column":49}}]},"4":{"line":16,"type":"binary-expr","locations":[{"start":{"line":16,"column":15},"end":{"line":16,"column":27}},{"start":{"line":16,"column":31},"end":{"line":16,"column":34}}]},"5":{"line":94,"type":"if","locations":[{"start":{"line":94,"column":2},"end":{"line":94,"column":2}},{"start":{"line":94,"column":2},"end":{"line":94,"column":2}}]},"6":{"line":100,"type":"binary-expr","locations":[{"start":{"line":100,"column":10},"end":{"line":100,"column":15}},{"start":{"line":100,"column":19},"end":{"line":100,"column":22}}]},"7":{"line":184,"type":"binary-expr","locations":[{"start":{"line":184,"column":23},"end":{"line":184,"column":25}},{"start":{"line":184,"column":29},"end":{"line":184,"column":33}}]},"8":{"line":218,"type":"cond-expr","locations":[{"start":{"line":218,"column":21},"end":{"line":218,"column":34}},{"start":{"line":218,"column":37},"end":{"line":218,"column":50}}]},"9":{"line":222,"type":"cond-expr","locations":[{"start":{"line":222,"column":21},"end":{"line":222,"column":34}},{"start":{"line":222,"column":37},"end":{"line":222,"column":50}}]},"10":{"line":223,"type":"cond-expr","locations":[{"start":{"line":223,"column":23},"end":{"line":223,"column":28}},{"start":{"line":223,"column":31},"end":{"line":223,"column":36}}]},"11":{"line":228,"type":"cond-expr","locations":[{"start":{"line":228,"column":21},"end":{"line":228,"column":34}},{"start":{"line":228,"column":37},"end":{"line":228,"column":50}}]},"12":{"line":236,"type":"if","locations":[{"start":{"line":236,"column":2},"end":{"line":236,"column":2}},{"start":{"line":236,"column":2},"end":{"line":236,"column":2}}]},"13":{"line":256,"type":"binary-expr","locations":[{"start":{"line":256,"column":10},"end":{"line":256,"column":15}},{"start":{"line":256,"column":19},"end":{"line":256,"column":42}}]},"14":{"line":264,"type":"binary-expr","locations":[{"start":{"line":264,"column":10},"end":{"line":264,"column":15}},{"start":{"line":264,"column":19},"end":{"line":264,"column":42}}]},"15":{"line":330,"type":"if","locations":[{"start":{"line":330,"column":2},"end":{"line":330,"column":2}},{"start":{"line":330,"column":2},"end":{"line":330,"column":2}}]},"16":{"line":334,"type":"if","locations":[{"start":{"line":334,"column":2},"end":{"line":334,"column":2}},{"start":{"line":334,"column":2},"end":{"line":334,"column":2}}]},"17":{"line":341,"type":"binary-expr","locations":[{"start":{"line":341,"column":9},"end":{"line":341,"column":22}},{"start":{"line":341,"column":26},"end":{"line":341,"column":39}}]},"18":{"line":344,"type":"if","locations":[{"start":{"line":344,"column":3},"end":{"line":344,"column":3}},{"start":{"line":344,"column":3},"end":{"line":344,"column":3}}]},"19":{"line":357,"type":"if","locations":[{"start":{"line":357,"column":2},"end":{"line":357,"column":2}},{"start":{"line":357,"column":2},"end":{"line":357,"column":2}}]},"20":{"line":360,"type":"if","locations":[{"start":{"line":360,"column":2},"end":{"line":360,"column":2}},{"start":{"line":360,"column":2},"end":{"line":360,"column":2}}]},"21":{"line":371,"type":"if","locations":[{"start":{"line":371,"column":2},"end":{"line":371,"column":2}},{"start":{"line":371,"column":2},"end":{"line":371,"column":2}}]},"22":{"line":371,"type":"binary-expr","locations":[{"start":{"line":371,"column":7},"end":{"line":371,"column":25}},{"start":{"line":371,"column":29},"end":{"line":371,"column":48}},{"start":{"line":371,"column":53},"end":{"line":371,"column":69}}]},"23":{"line":373,"type":"if","locations":[{"start":{"line":373,"column":3},"end":{"line":373,"column":3}},{"start":{"line":373,"column":3},"end":{"line":373,"column":3}}]},"24":{"line":379,"type":"if","locations":[{"start":{"line":379,"column":2},"end":{"line":379,"column":2}},{"start":{"line":379,"column":2},"end":{"line":379,"column":2}}]},"25":{"line":379,"type":"binary-expr","locations":[{"start":{"line":379,"column":7},"end":{"line":379,"column":25}},{"start":{"line":379,"column":29},"end":{"line":379,"column":48}},{"start":{"line":379,"column":53},"end":{"line":379,"column":69}}]},"26":{"line":381,"type":"if","locations":[{"start":{"line":381,"column":3},"end":{"line":381,"column":3}},{"start":{"line":381,"column":3},"end":{"line":381,"column":3}}]},"27":{"line":387,"type":"if","locations":[{"start":{"line":387,"column":2},"end":{"line":387,"column":2}},{"start":{"line":387,"column":2},"end":{"line":387,"column":2}}]},"28":{"line":387,"type":"binary-expr","locations":[{"start":{"line":387,"column":7},"end":{"line":387,"column":27}},{"start":{"line":387,"column":31},"end":{"line":387,"column":50}},{"start":{"line":387,"column":55},"end":{"line":387,"column":109}}]},"29":{"line":389,"type":"if","locations":[{"start":{"line":389,"column":3},"end":{"line":389,"column":3}},{"start":{"line":389,"column":3},"end":{"line":389,"column":3}}]},"30":{"line":390,"type":"if","locations":[{"start":{"line":390,"column":4},"end":{"line":390,"column":4}},{"start":{"line":390,"column":4},"end":{"line":390,"column":4}}]},"31":{"line":396,"type":"if","locations":[{"start":{"line":396,"column":4},"end":{"line":396,"column":4}},{"start":{"line":396,"column":4},"end":{"line":396,"column":4}}]},"32":{"line":406,"type":"if","locations":[{"start":{"line":406,"column":2},"end":{"line":406,"column":2}},{"start":{"line":406,"column":2},"end":{"line":406,"column":2}}]},"33":{"line":406,"type":"binary-expr","locations":[{"start":{"line":406,"column":6},"end":{"line":406,"column":13}},{"start":{"line":406,"column":17},"end":{"line":406,"column":24}}]},"34":{"line":407,"type":"cond-expr","locations":[{"start":{"line":407,"column":20},"end":{"line":407,"column":22}},{"start":{"line":407,"column":25},"end":{"line":407,"column":30}}]},"35":{"line":412,"type":"if","locations":[{"start":{"line":412,"column":2},"end":{"line":412,"column":2}},{"start":{"line":412,"column":2},"end":{"line":412,"column":2}}]},"36":{"line":418,"type":"if","locations":[{"start":{"line":418,"column":2},"end":{"line":418,"column":2}},{"start":{"line":418,"column":2},"end":{"line":418,"column":2}}]},"37":{"line":418,"type":"binary-expr","locations":[{"start":{"line":418,"column":6},"end":{"line":418,"column":13}},{"start":{"line":418,"column":17},"end":{"line":418,"column":24}}]},"38":{"line":419,"type":"cond-expr","locations":[{"start":{"line":419,"column":20},"end":{"line":419,"column":22}},{"start":{"line":419,"column":25},"end":{"line":419,"column":27}}]},"39":{"line":425,"type":"if","locations":[{"start":{"line":425,"column":2},"end":{"line":425,"column":2}},{"start":{"line":425,"column":2},"end":{"line":425,"column":2}}]},"40":{"line":434,"type":"if","locations":[{"start":{"line":434,"column":2},"end":{"line":434,"column":2}},{"start":{"line":434,"column":2},"end":{"line":434,"column":2}}]},"41":{"line":434,"type":"binary-expr","locations":[{"start":{"line":434,"column":6},"end":{"line":434,"column":20}},{"start":{"line":434,"column":24},"end":{"line":434,"column":38}}]},"42":{"line":437,"type":"if","locations":[{"start":{"line":437,"column":2},"end":{"line":437,"column":2}},{"start":{"line":437,"column":2},"end":{"line":437,"column":2}}]},"43":{"line":452,"type":"if","locations":[{"start":{"line":452,"column":2},"end":{"line":452,"column":2}},{"start":{"line":452,"column":2},"end":{"line":452,"column":2}}]},"44":{"line":456,"type":"cond-expr","locations":[{"start":{"line":456,"column":24},"end":{"line":456,"column":41}},{"start":{"line":456,"column":44},"end":{"line":456,"column":49}}]},"45":{"line":457,"type":"cond-expr","locations":[{"start":{"line":457,"column":26},"end":{"line":457,"column":47}},{"start":{"line":457,"column":49},"end":{"line":457,"column":54}}]},"46":{"line":458,"type":"cond-expr","locations":[{"start":{"line":458,"column":24},"end":{"line":458,"column":41}},{"start":{"line":458,"column":44},"end":{"line":458,"column":49}}]},"47":{"line":459,"type":"cond-expr","locations":[{"start":{"line":459,"column":26},"end":{"line":459,"column":47}},{"start":{"line":459,"column":50},"end":{"line":459,"column":55}}]},"48":{"line":460,"type":"cond-expr","locations":[{"start":{"line":460,"column":25},"end":{"line":460,"column":44}},{"start":{"line":460,"column":47},"end":{"line":460,"column":52}}]},"49":{"line":476,"type":"if","locations":[{"start":{"line":476,"column":1},"end":{"line":476,"column":1}},{"start":{"line":476,"column":1},"end":{"line":476,"column":1}}]},"50":{"line":480,"type":"if","locations":[{"start":{"line":480,"column":1},"end":{"line":480,"column":1}},{"start":{"line":480,"column":1},"end":{"line":480,"column":1}}]},"51":{"line":488,"type":"if","locations":[{"start":{"line":488,"column":1},"end":{"line":488,"column":1}},{"start":{"line":488,"column":1},"end":{"line":488,"column":1}}]},"52":{"line":490,"type":"if","locations":[{"start":{"line":490,"column":8},"end":{"line":490,"column":8}},{"start":{"line":490,"column":8},"end":{"line":490,"column":8}}]}}},"/Users/gbeaver2/github/local/chessjs/lib/vector.js":{"path":"/Users/gbeaver2/github/local/chessjs/lib/vector.js","s":{"1":1,"2":1,"3":1,"4":21,"5":21,"6":1,"7":3,"8":3,"9":1,"10":10,"11":4,"12":6,"13":6,"14":1,"15":5,"16":1,"17":7,"18":2,"19":5,"20":5,"21":1,"22":1,"23":1},"b":{"1":[4,6],"2":[10,9,8,7],"3":[2,5],"4":[7,6]},"f":{"1":21,"2":3,"3":10,"4":5,"5":7,"6":1},"fnMap":{"1":{"name":"Vector","line":4,"loc":{"start":{"line":4,"column":0},"end":{"line":4,"column":22}}},"2":{"name":"(anonymous_2)","line":9,"loc":{"start":{"line":9,"column":23},"end":{"line":9,"column":37}}},"3":{"name":"(anonymous_3)","line":14,"loc":{"start":{"line":14,"column":33},"end":{"line":14,"column":44}}},"4":{"name":"(anonymous_4)","line":22,"loc":{"start":{"line":22,"column":27},"end":{"line":22,"column":38}}},"5":{"name":"(anonymous_5)","line":26,"loc":{"start":{"line":26,"column":19},"end":{"line":26,"column":35}}},"6":{"name":"(anonymous_6)","line":34,"loc":{"start":{"line":34,"column":24},"end":{"line":34,"column":39}}}},"statementMap":{"1":{"start":{"line":1,"column":0},"end":{"line":2,"column":0}},"2":{"start":{"line":2,"column":0},"end":{"line":2,"column":22}},"3":{"start":{"line":4,"column":0},"end":{"line":7,"column":1}},"4":{"start":{"line":5,"column":1},"end":{"line":6,"column":1}},"5":{"start":{"line":6,"column":1},"end":{"line":7,"column":0}},"6":{"start":{"line":9,"column":0},"end":{"line":14,"column":0}},"7":{"start":{"line":10,"column":1},"end":{"line":11,"column":1}},"8":{"start":{"line":11,"column":1},"end":{"line":12,"column":0}},"9":{"start":{"line":14,"column":0},"end":{"line":22,"column":0}},"10":{"start":{"line":15,"column":1},"end":{"line":17,"column":2}},"11":{"start":{"line":16,"column":2},"end":{"line":17,"column":1}},"12":{"start":{"line":18,"column":1},"end":{"line":19,"column":1}},"13":{"start":{"line":19,"column":1},"end":{"line":20,"column":0}},"14":{"start":{"line":22,"column":0},"end":{"line":26,"column":0}},"15":{"start":{"line":23,"column":1},"end":{"line":24,"column":0}},"16":{"start":{"line":26,"column":0},"end":{"line":34,"column":0}},"17":{"start":{"line":27,"column":1},"end":{"line":29,"column":2}},"18":{"start":{"line":28,"column":2},"end":{"line":29,"column":1}},"19":{"start":{"line":30,"column":1},"end":{"line":31,"column":1}},"20":{"start":{"line":31,"column":1},"end":{"line":32,"column":0}},"21":{"start":{"line":34,"column":0},"end":{"line":38,"column":0}},"22":{"start":{"line":35,"column":1},"end":{"line":35,"column":51}},"23":{"start":{"line":38,"column":0},"end":{"line":39,"column":0}}},"branchMap":{"1":{"line":15,"type":"if","locations":[{"start":{"line":15,"column":1},"end":{"line":15,"column":1}},{"start":{"line":15,"column":1},"end":{"line":15,"column":1}}]},"2":{"line":15,"type":"binary-expr","locations":[{"start":{"line":15,"column":5},"end":{"line":15,"column":15}},{"start":{"line":15,"column":19},"end":{"line":15,"column":29}},{"start":{"line":15,"column":33},"end":{"line":15,"column":43}},{"start":{"line":15,"column":47},"end":{"line":15,"column":57}}]},"3":{"line":27,"type":"if","locations":[{"start":{"line":27,"column":1},"end":{"line":27,"column":1}},{"start":{"line":27,"column":1},"end":{"line":27,"column":1}}]},"4":{"line":27,"type":"binary-expr","locations":[{"start":{"line":27,"column":5},"end":{"line":27,"column":14}},{"start":{"line":27,"column":18},"end":{"line":27,"column":28}}]}}}}