TN:
SF:/Users/gbeaver2/github/local/chessjs/lib/board.js
FN:18,board
FN:42,(anonymous_2)
FN:43,(anonymous_3)
FN:44,(anonymous_4)
FN:45,(anonymous_5)
FN:46,(anonymous_6)
FN:47,(anonymous_7)
FN:48,(anonymous_8)
FN:49,(anonymous_9)
FN:50,(anonymous_10)
FN:51,(anonymous_11)
FN:52,(anonymous_12)
FN:53,(anonymous_13)
FN:55,(anonymous_14)
FN:56,(anonymous_15)
FN:57,(anonymous_16)
FN:58,(anonymous_17)
FN:59,(anonymous_18)
FN:60,(anonymous_19)
FN:61,(anonymous_20)
FN:62,(anonymous_21)
FN:63,(anonymous_22)
FN:64,(anonymous_23)
FN:65,(anonymous_24)
FN:66,(anonymous_25)
FN:70,(anonymous_26)
FN:78,(anonymous_27)
FN:86,(anonymous_28)
FN:90,(anonymous_29)
FN:98,(anonymous_30)
FN:102,(anonymous_31)
FN:108,both
FN:110,(anonymous_33)
FN:118,(anonymous_34)
FN:128,(anonymous_35)
FN:136,(anonymous_36)
FN:138,(anonymous_37)
FN:146,(anonymous_38)
FN:154,(anonymous_39)
FN:158,(anonymous_40)
FN:162,(anonymous_41)
FN:166,(anonymous_42)
FN:170,(anonymous_43)
FN:174,(anonymous_44)
FN:178,(anonymous_45)
FN:182,(anonymous_46)
FN:186,(anonymous_47)
FN:192,(anonymous_48)
FN:202,Bitboard
FN:221,(anonymous_50)
FN:230,(anonymous_51)
FN:247,(anonymous_52)
FN:266,(anonymous_53)
FN:270,(anonymous_54)
FN:272,(anonymous_55)
FN:273,(anonymous_56)
FN:280,(anonymous_57)
FN:282,(anonymous_58)
FN:283,(anonymous_59)
FN:290,(anonymous_60)
FN:294,(anonymous_61)
FN:298,(anonymous_62)
FN:302,(anonymous_63)
FN:306,(anonymous_64)
FN:310,(anonymous_65)
FN:314,(anonymous_66)
FN:318,(anonymous_67)
FNF:67
FNH:67
FNDA:10,board
FNDA:6,(anonymous_2)
FNDA:7,(anonymous_3)
FNDA:6,(anonymous_4)
FNDA:6,(anonymous_5)
FNDA:6,(anonymous_6)
FNDA:6,(anonymous_7)
FNDA:6,(anonymous_8)
FNDA:6,(anonymous_9)
FNDA:6,(anonymous_10)
FNDA:6,(anonymous_11)
FNDA:6,(anonymous_12)
FNDA:6,(anonymous_13)
FNDA:4,(anonymous_14)
FNDA:5,(anonymous_15)
FNDA:1,(anonymous_16)
FNDA:1,(anonymous_17)
FNDA:1,(anonymous_18)
FNDA:1,(anonymous_19)
FNDA:1,(anonymous_20)
FNDA:1,(anonymous_21)
FNDA:1,(anonymous_22)
FNDA:1,(anonymous_23)
FNDA:1,(anonymous_24)
FNDA:1,(anonymous_25)
FNDA:6,(anonymous_26)
FNDA:64,(anonymous_27)
FNDA:3,(anonymous_28)
FNDA:5,(anonymous_29)
FNDA:3,(anonymous_30)
FNDA:5,(anonymous_31)
FNDA:8,both
FNDA:88,(anonymous_33)
FNDA:3,(anonymous_34)
FNDA:11,(anonymous_35)
FNDA:3,(anonymous_36)
FNDA:36,(anonymous_37)
FNDA:2304,(anonymous_38)
FNDA:2,(anonymous_39)
FNDA:1,(anonymous_40)
FNDA:1,(anonymous_41)
FNDA:2,(anonymous_42)
FNDA:1,(anonymous_43)
FNDA:1,(anonymous_44)
FNDA:1,(anonymous_45)
FNDA:1,(anonymous_46)
FNDA:1,(anonymous_47)
FNDA:1,(anonymous_48)
FNDA:191,Bitboard
FNDA:7,(anonymous_50)
FNDA:94,(anonymous_51)
FNDA:87,(anonymous_52)
FNDA:37,(anonymous_53)
FNDA:1,(anonymous_54)
FNDA:2,(anonymous_55)
FNDA:2,(anonymous_56)
FNDA:1,(anonymous_57)
FNDA:2,(anonymous_58)
FNDA:2,(anonymous_59)
FNDA:5,(anonymous_60)
FNDA:5,(anonymous_61)
FNDA:1,(anonymous_62)
FNDA:3,(anonymous_63)
FNDA:1,(anonymous_64)
FNDA:1,(anonymous_65)
FNDA:3,(anonymous_66)
FNDA:1,(anonymous_67)
DA:1,1
DA:2,1
DA:3,1
DA:4,1
DA:6,1
DA:18,1
DA:19,10
DA:42,6
DA:43,7
DA:44,6
DA:45,6
DA:46,6
DA:47,6
DA:48,6
DA:49,6
DA:50,6
DA:51,6
DA:52,6
DA:53,6
DA:55,4
DA:56,5
DA:57,1
DA:58,1
DA:59,1
DA:60,1
DA:61,1
DA:62,1
DA:63,1
DA:64,1
DA:65,1
DA:66,1
DA:70,1
DA:71,6
DA:72,6
DA:73,3
DA:75,3
DA:78,1
DA:79,64
DA:81,64
DA:84,1
DA:87,3
DA:88,2
DA:90,1
DA:91,5
DA:96,1
DA:99,3
DA:100,2
DA:102,1
DA:103,5
DA:108,1
DA:109,8
DA:111,88
DA:116,1
DA:119,3
DA:120,2
DA:122,1
DA:126,1
DA:129,11
DA:130,4
DA:132,7
DA:136,1
DA:137,3
DA:138,3
DA:139,36
DA:141,3
DA:142,3
DA:143,192
DA:144,21
DA:146,192
DA:147,2304
DA:148,2208
DA:151,3
DA:154,1
DA:155,2
DA:158,1
DA:159,1
DA:162,1
DA:163,1
DA:166,1
DA:167,2
DA:170,1
DA:171,1
DA:174,1
DA:175,1
DA:178,1
DA:179,1
DA:182,1
DA:183,1
DA:186,1
DA:187,1
DA:191,1
DA:193,1
DA:194,1
DA:195,1
DA:196,64
DA:198,1
DA:202,1
DA:203,191
DA:204,191
DA:205,20
DA:206,20
DA:207,20
DA:209,171
DA:210,19
DA:212,152
DA:214,171
DA:215,171
DA:216,171
DA:219,1
DA:221,1
DA:222,7
DA:225,7
DA:226,7
DA:227,7
DA:230,1
DA:231,94
DA:233,94
DA:234,94
DA:236,94
DA:237,94
DA:239,94
DA:240,94
DA:242,94
DA:243,94
DA:244,94
DA:247,1
DA:248,87
DA:253,87
DA:254,87
DA:255,87
DA:256,87
DA:257,87
DA:258,87
DA:259,87
DA:260,87
DA:261,45
DA:263,42
DA:266,1
DA:267,37
DA:270,1
DA:271,1
DA:272,2
DA:273,2
DA:274,1
DA:275,1
DA:276,1
DA:277,1
DA:280,1
DA:281,1
DA:282,2
DA:283,2
DA:284,1
DA:285,1
DA:286,1
DA:287,1
DA:290,1
DA:291,5
DA:294,1
DA:295,5
DA:298,1
DA:299,1
DA:302,1
DA:303,3
DA:306,1
DA:307,1
DA:310,1
DA:311,1
DA:314,1
DA:315,3
DA:318,1
DA:319,1
LF:171
LH:171
BRDA:72,1,0,3
BRDA:72,1,1,3
BRDA:72,2,0,6
BRDA:72,2,1,6
BRDA:87,3,0,2
BRDA:87,3,1,1
BRDA:99,4,0,2
BRDA:99,4,1,1
BRDA:119,5,0,2
BRDA:119,5,1,1
BRDA:129,6,0,4
BRDA:129,6,1,7
BRDA:137,7,0,3
BRDA:137,7,1,2
BRDA:143,8,0,21
BRDA:143,8,1,171
BRDA:143,9,0,192
BRDA:143,9,1,189
BRDA:147,10,0,96
BRDA:147,10,1,2208
BRDA:204,11,0,20
BRDA:204,11,1,171
BRDA:204,12,0,191
BRDA:204,12,1,131
BRDA:206,13,0,20
BRDA:206,13,1,1
BRDA:209,14,0,19
BRDA:209,14,1,152
BRDA:209,15,0,171
BRDA:209,15,1,111
BRDA:215,16,0,171
BRDA:215,16,1,26
BRDA:260,17,0,45
BRDA:260,17,1,42
BRF:34
BRH:34
end_of_record
TN:
SF:/Users/gbeaver2/github/local/chessjs/lib/vector.js
FN:4,Vector
FN:9,(anonymous_2)
FN:14,(anonymous_3)
FN:22,(anonymous_4)
FN:26,(anonymous_5)
FN:34,(anonymous_6)
FNF:6
FNH:6
FNDA:21,Vector
FNDA:3,(anonymous_2)
FNDA:10,(anonymous_3)
FNDA:5,(anonymous_4)
FNDA:7,(anonymous_5)
FNDA:1,(anonymous_6)
DA:1,1
DA:2,1
DA:4,1
DA:5,21
DA:6,21
DA:9,1
DA:10,3
DA:11,3
DA:14,1
DA:15,10
DA:16,4
DA:18,6
DA:19,6
DA:22,1
DA:23,5
DA:26,1
DA:27,7
DA:28,2
DA:30,5
DA:31,5
DA:34,1
DA:35,1
DA:38,1
LF:23
LH:23
BRDA:15,1,0,4
BRDA:15,1,1,6
BRDA:15,2,0,10
BRDA:15,2,1,9
BRDA:15,2,2,8
BRDA:15,2,3,7
BRDA:27,3,0,2
BRDA:27,3,1,5
BRDA:27,4,0,7
BRDA:27,4,1,6
BRF:10
BRH:10
end_of_record
