TN:
SF:/Users/gbeaver2/github/local/chessjs/lib/board.js
FN:14,board
FN:35,(anonymous_2)
FN:43,(anonymous_3)
FN:51,(anonymous_4)
FN:52,(anonymous_5)
FN:60,(anonymous_6)
FN:61,(anonymous_7)
FN:67,both
FN:69,(anonymous_9)
FN:77,(anonymous_10)
FN:84,(anonymous_11)
FN:91,(anonymous_12)
FN:92,(anonymous_13)
FN:97,(anonymous_14)
FN:107,(anonymous_15)
FN:117,Bitboard
FN:131,(anonymous_17)
FN:136,(anonymous_18)
FN:145,(anonymous_19)
FN:149,(anonymous_20)
FN:151,(anonymous_21)
FN:152,(anonymous_22)
FN:159,(anonymous_23)
FN:161,(anonymous_24)
FN:162,(anonymous_25)
FNF:25
FNH:19
FNDA:2,board
FNDA:6,(anonymous_2)
FNDA:64,(anonymous_3)
FNDA:1,(anonymous_4)
FNDA:5,(anonymous_5)
FNDA:1,(anonymous_6)
FNDA:5,(anonymous_7)
FNDA:2,both
FNDA:22,(anonymous_9)
FNDA:1,(anonymous_10)
FNDA:1,(anonymous_11)
FNDA:2,(anonymous_12)
FNDA:24,(anonymous_13)
FNDA:1536,(anonymous_14)
FNDA:1,(anonymous_15)
FNDA:31,Bitboard
FNDA:1,(anonymous_17)
FNDA:32,(anonymous_18)
FNDA:25,(anonymous_19)
FNDA:0,(anonymous_20)
FNDA:0,(anonymous_21)
FNDA:0,(anonymous_22)
FNDA:0,(anonymous_23)
FNDA:0,(anonymous_24)
FNDA:0,(anonymous_25)
DA:1,1
DA:2,1
DA:3,1
DA:4,1
DA:6,1
DA:14,1
DA:15,2
DA:35,1
DA:36,6
DA:37,6
DA:38,3
DA:40,3
DA:43,1
DA:44,64
DA:46,64
DA:49,1
DA:52,1
DA:53,5
DA:58,1
DA:61,1
DA:62,5
DA:67,1
DA:68,2
DA:70,22
DA:75,1
DA:78,1
DA:82,1
DA:85,1
DA:89,1
DA:92,2
DA:93,24
DA:95,2
DA:96,2
DA:97,128
DA:98,1536
DA:99,1472
DA:102,2
DA:106,1
DA:108,1
DA:109,1
DA:110,1
DA:111,64
DA:113,1
DA:117,1
DA:118,31
DA:119,31
DA:120,4
DA:122,27
DA:124,31
DA:125,31
DA:126,31
DA:129,1
DA:131,1
DA:132,1
DA:133,1
DA:136,1
DA:137,32
DA:140,32
DA:141,32
DA:142,32
DA:145,1
DA:146,25
DA:149,1
DA:150,0
DA:151,0
DA:152,0
DA:153,0
DA:154,0
DA:155,0
DA:156,0
DA:159,1
DA:160,0
DA:161,0
DA:162,0
DA:163,0
DA:164,0
DA:165,0
DA:166,0
LF:78
LH:64
BRDA:37,1,0,3
BRDA:37,1,1,3
BRDA:37,2,0,6
BRDA:37,2,1,6
BRDA:98,3,0,64
BRDA:98,3,1,1472
BRDA:119,4,0,4
BRDA:119,4,1,27
BRDA:119,5,0,31
BRDA:119,5,1,19
BRDA:125,6,0,31
BRDA:125,6,1,6
BRF:12
BRH:12
end_of_record
TN:
SF:/Users/gbeaver2/github/local/chessjs/lib/vector.js
FN:4,Vector
FN:9,(anonymous_2)
FN:14,(anonymous_3)
FN:22,(anonymous_4)
FN:26,(anonymous_5)
FN:34,(anonymous_6)
FNF:6
FNH:6
FNDA:21,Vector
FNDA:3,(anonymous_2)
FNDA:10,(anonymous_3)
FNDA:5,(anonymous_4)
FNDA:7,(anonymous_5)
FNDA:1,(anonymous_6)
DA:1,1
DA:2,1
DA:4,1
DA:5,21
DA:6,21
DA:9,1
DA:10,3
DA:11,3
DA:14,1
DA:15,10
DA:16,4
DA:18,6
DA:19,6
DA:22,1
DA:23,5
DA:26,1
DA:27,7
DA:28,2
DA:30,5
DA:31,5
DA:34,1
DA:35,1
DA:38,1
LF:23
LH:23
BRDA:15,1,0,4
BRDA:15,1,1,6
BRDA:15,2,0,10
BRDA:15,2,1,9
BRDA:15,2,2,8
BRDA:15,2,3,7
BRDA:27,3,0,2
BRDA:27,3,1,5
BRDA:27,4,0,7
BRDA:27,4,1,6
BRF:10
BRH:10
end_of_record
